2009.01.29 02:19 B J:\Inetpub\wwwroot\maghalitta\cardapio\img\blank.gif --> ftp.ministeriojessewesley.com.br /public_html/maghalitta.com.br/cardapio/img blank.gif
2009.01.29 02:19 B J:\Inetpub\wwwroot\maghalitta\cardapio\img\marco_close.gif --> ftp.ministeriojessewesley.com.br /public_html/maghalitta.com.br/cardapio/img marco_close.gif
2009.01.29 02:19 B J:\Inetpub\wwwroot\maghalitta\cardapio\img\marco_open.gif --> ftp.ministeriojessewesley.com.br /public_html/maghalitta.com.br/cardapio/img marco_open.gif
2009.01.29 02:19 B J:\Inetpub\wwwroot\maghalitta\cardapio\img\porca5.JPG --> ftp.ministeriojessewesley.com.br /public_html/maghalitta.com.br/cardapio/img porca5.JPG
2009.01.29 02:19 B J:\Inetpub\wwwroot\maghalitta\cardapio\img\tableft.gif --> ftp.ministeriojessewesley.com.br /public_html/maghalitta.com.br/cardapio/img tableft.gif
2009.01.29 02:19 B J:\Inetpub\wwwroot\maghalitta\cardapio\img\bg_geral_beje.gif --> ftp.ministeriojessewesley.com.br /public_html/maghalitta.com.br/cardapio/img bg_geral_beje.gif
2009.01.29 02:19 B J:\Inetpub\wwwroot\maghalitta\cardapio\img\overlay.png --> ftp.ministeriojessewesley.com.br /public_html/maghalitta.com.br/cardapio/img overlay.png
2009.01.29 02:19 B J:\Inetpub\wwwroot\maghalitta\cardapio\img\close.gif --> ftp.ministeriojessewesley.com.br /public_html/maghalitta.com.br/cardapio/img close.gif
2009.01.29 02:19 B J:\Inetpub\wwwroot\maghalitta\cardapio\img\calendar.jpg --> ftp.ministeriojessewesley.com.br /public_html/maghalitta.com.br/cardapio/img calendar.jpg
2009.01.29 02:19 B J:\Inetpub\wwwroot\maghalitta\cardapio\img\tela_inicial.swf --> ftp.ministeriojessewesley.com.br /public_html/maghalitta.com.br/cardapio/img tela_inicial.swf
2009.01.29 02:19 B J:\Inetpub\wwwroot\maghalitta\cardapio\img\tabright.gif --> ftp.ministeriojessewesley.com.br /public_html/maghalitta.com.br/cardapio/img tabright.gif
2009.01.29 02:19 B J:\Inetpub\wwwroot\maghalitta\cardapio\img\1star.gif --> ftp.ministeriojessewesley.com.br /public_html/maghalitta.com.br/cardapio/img 1star.gif
2009.01.29 02:19 B J:\Inetpub\wwwroot\maghalitta\cardapio\img\1star.PNG --> ftp.ministeriojessewesley.com.br /public_html/maghalitta.com.br/cardapio/img 1star.PNG
2009.01.29 02:19 B J:\Inetpub\wwwroot\maghalitta\cardapio\img\385.jpg --> ftp.ministeriojessewesley.com.br /public_html/maghalitta.com.br/cardapio/img 385.jpg
2009.01.29 02:19 B J:\Inetpub\wwwroot\maghalitta\cardapio\img\_bg_geral.gif --> ftp.ministeriojessewesley.com.br /public_html/maghalitta.com.br/cardapio/img _bg_geral.gif
2009.01.29 02:19 B J:\Inetpub\wwwroot\maghalitta\cardapio\img\_bg_geral_pure.gif --> ftp.ministeriojessewesley.com.br /public_html/maghalitta.com.br/cardapio/img _bg_geral_pure.gif
2009.01.29 02:19 B J:\Inetpub\wwwroot\maghalitta\cardapio\img\add.gif --> ftp.ministeriojessewesley.com.br /public_html/maghalitta.com.br/cardapio/img add.gif
2009.01.29 02:19 B J:\Inetpub\wwwroot\maghalitta\cardapio\img\adicionar.gif --> ftp.ministeriojessewesley.com.br /public_html/maghalitta.com.br/cardapio/img adicionar.gif
2009.01.29 02:19 B J:\Inetpub\wwwroot\maghalitta\cardapio\img\apply_f2.png --> ftp.ministeriojessewesley.com.br /public_html/maghalitta.com.br/cardapio/img apply_f2.png
2009.01.29 02:19 B J:\Inetpub\wwwroot\maghalitta\cardapio\img\ardown.gif --> ftp.ministeriojessewesley.com.br /public_html/maghalitta.com.br/cardapio/img ardown.gif
2009.01.29 02:19 B J:\Inetpub\wwwroot\maghalitta\cardapio\img\articles.gif --> ftp.ministeriojessewesley.com.br /public_html/maghalitta.com.br/cardapio/img articles.gif
2009.01.29 02:19 B J:\Inetpub\wwwroot\maghalitta\cardapio\img\arup.gif --> ftp.ministeriojessewesley.com.br /public_html/maghalitta.com.br/cardapio/img arup.gif
2009.01.29 02:19 B J:\Inetpub\wwwroot\maghalitta\cardapio\img\asc_order.gif --> ftp.ministeriojessewesley.com.br /public_html/maghalitta.com.br/cardapio/img asc_order.gif
2009.01.29 02:19 B J:\Inetpub\wwwroot\maghalitta\cardapio\img\b02.gif --> ftp.ministeriojessewesley.com.br /public_html/maghalitta.com.br/cardapio/img b02.gif
2009.01.29 02:19 B J:\Inetpub\wwwroot\maghalitta\cardapio\img\b_drop.png --> ftp.ministeriojessewesley.com.br /public_html/maghalitta.com.br/cardapio/img b_drop.png
2009.01.29 02:19 B J:\Inetpub\wwwroot\maghalitta\cardapio\img\b_edit.png --> ftp.ministeriojessewesley.com.br /public_html/maghalitta.com.br/cardapio/img b_edit.png
2009.01.29 02:19 B J:\Inetpub\wwwroot\maghalitta\cardapio\img\b_search.png --> ftp.ministeriojessewesley.com.br /public_html/maghalitta.com.br/cardapio/img b_search.png
2009.01.29 02:19 B J:\Inetpub\wwwroot\maghalitta\cardapio\img\back.gif --> ftp.ministeriojessewesley.com.br /public_html/maghalitta.com.br/cardapio/img back.gif
2009.01.29 02:19 B J:\Inetpub\wwwroot\maghalitta\cardapio\img\back2.gif --> ftp.ministeriojessewesley.com.br /public_html/maghalitta.com.br/cardapio/img back2.gif
2009.01.29 02:19 B J:\Inetpub\wwwroot\maghalitta\cardapio\img\back_f2.png --> ftp.ministeriojessewesley.com.br /public_html/maghalitta.com.br/cardapio/img back_f2.png
2009.01.29 02:19 B J:\Inetpub\wwwroot\maghalitta\cardapio\img\background.gif --> ftp.ministeriojessewesley.com.br /public_html/maghalitta.com.br/cardapio/img background.gif
2009.01.29 02:19 B J:\Inetpub\wwwroot\maghalitta\cardapio\img\bg_geral.gif --> ftp.ministeriojessewesley.com.br /public_html/maghalitta.com.br/cardapio/img bg_geral.gif
2009.01.29 02:19 B J:\Inetpub\wwwroot\maghalitta\cardapio\img\bg_geral_pure.gif --> ftp.ministeriojessewesley.com.br /public_html/maghalitta.com.br/cardapio/img bg_geral_pure.gif
2009.01.29 02:19 B J:\Inetpub\wwwroot\maghalitta\cardapio\img\black_13x13_greyboxed.gif --> ftp.ministeriojessewesley.com.br /public_html/maghalitta.com.br/cardapio/img black_13x13_greyboxed.gif
2009.01.29 02:19 B J:\Inetpub\wwwroot\maghalitta\cardapio\img\bt_baixo.gif --> ftp.ministeriojessewesley.com.br /public_html/maghalitta.com.br/cardapio/img bt_baixo.gif
2009.01.29 02:19 B J:\Inetpub\wwwroot\maghalitta\cardapio\img\bt_baixo.PNG --> ftp.ministeriojessewesley.com.br /public_html/maghalitta.com.br/cardapio/img bt_baixo.PNG
2009.01.29 02:19 B J:\Inetpub\wwwroot\maghalitta\cardapio\img\bt_cima.gif --> ftp.ministeriojessewesley.com.br /public_html/maghalitta.com.br/cardapio/img bt_cima.gif
2009.01.29 02:19 B J:\Inetpub\wwwroot\maghalitta\cardapio\img\bt_cima.PNG --> ftp.ministeriojessewesley.com.br /public_html/maghalitta.com.br/cardapio/img bt_cima.PNG
2009.01.29 02:19 B J:\Inetpub\wwwroot\maghalitta\cardapio\img\busca.gif --> ftp.ministeriojessewesley.com.br /public_html/maghalitta.com.br/cardapio/img busca.gif
2009.01.29 02:19 B J:\Inetpub\wwwroot\maghalitta\cardapio\img\caret-l.gif --> ftp.ministeriojessewesley.com.br /public_html/maghalitta.com.br/cardapio/img caret-l.gif
2009.01.29 02:19 B J:\Inetpub\wwwroot\maghalitta\cardapio\img\caret-r.gif --> ftp.ministeriojessewesley.com.br /public_html/maghalitta.com.br/cardapio/img caret-r.gif
2009.01.29 02:19 B J:\Inetpub\wwwroot\maghalitta\cardapio\img\co_dis.gif --> ftp.ministeriojessewesley.com.br /public_html/maghalitta.com.br/cardapio/img co_dis.gif
2009.01.29 02:19 B J:\Inetpub\wwwroot\maghalitta\cardapio\img\co_dis.PNG --> ftp.ministeriojessewesley.com.br /public_html/maghalitta.com.br/cardapio/img co_dis.PNG
2009.01.29 02:19 B J:\Inetpub\wwwroot\maghalitta\cardapio\img\componi.gif --> ftp.ministeriojessewesley.com.br /public_html/maghalitta.com.br/cardapio/img componi.gif
2009.01.29 02:19 B J:\Inetpub\wwwroot\maghalitta\cardapio\img\default.gif --> ftp.ministeriojessewesley.com.br /public_html/maghalitta.com.br/cardapio/img default.gif
2009.01.29 02:19 B J:\Inetpub\wwwroot\maghalitta\cardapio\img\delete.gif --> ftp.ministeriojessewesley.com.br /public_html/maghalitta.com.br/cardapio/img delete.gif
2009.01.29 02:19 B J:\Inetpub\wwwroot\maghalitta\cardapio\img\desc_order.gif --> ftp.ministeriojessewesley.com.br /public_html/maghalitta.com.br/cardapio/img desc_order.gif
2009.01.29 02:19 B J:\Inetpub\wwwroot\maghalitta\cardapio\img\direita_cima_blue.gif --> ftp.ministeriojessewesley.com.br /public_html/maghalitta.com.br/cardapio/img direita_cima_blue.gif
2009.01.29 02:19 B J:\Inetpub\wwwroot\maghalitta\cardapio\img\direita_cima_red.gif --> ftp.ministeriojessewesley.com.br /public_html/maghalitta.com.br/cardapio/img direita_cima_red.gif
2009.01.29 02:19 B J:\Inetpub\wwwroot\maghalitta\cardapio\img\div.gif --> ftp.ministeriojessewesley.com.br /public_html/maghalitta.com.br/cardapio/img div.gif
2009.01.29 02:19 B J:\Inetpub\wwwroot\maghalitta\cardapio\img\dot.gif --> ftp.ministeriojessewesley.com.br /public_html/maghalitta.com.br/cardapio/img dot.gif
2009.01.29 02:19 B J:\Inetpub\wwwroot\maghalitta\cardapio\img\dot.PNG --> ftp.ministeriojessewesley.com.br /public_html/maghalitta.com.br/cardapio/img dot.PNG
2009.01.29 02:19 B J:\Inetpub\wwwroot\maghalitta\cardapio\img\ed_cut.gif --> ftp.ministeriojessewesley.com.br /public_html/maghalitta.com.br/cardapio/img ed_cut.gif
2009.01.29 02:19 B J:\Inetpub\wwwroot\maghalitta\cardapio\img\edit.gif --> ftp.ministeriojessewesley.com.br /public_html/maghalitta.com.br/cardapio/img edit.gif
2009.01.29 02:19 B J:\Inetpub\wwwroot\maghalitta\cardapio\img\esq_cima_blue.gif --> ftp.ministeriojessewesley.com.br /public_html/maghalitta.com.br/cardapio/img esq_cima_blue.gif
2009.01.29 02:20 B J:\Inetpub\wwwroot\maghalitta\cardapio\img\esq_cima_red.gif --> ftp.ministeriojessewesley.com.br /public_html/maghalitta.com.br/cardapio/img esq_cima_red.gif
2009.01.29 02:20 B J:\Inetpub\wwwroot\maghalitta\cardapio\img\exe.png --> ftp.ministeriojessewesley.com.br /public_html/maghalitta.com.br/cardapio/img exe.png
2009.01.29 02:20 B J:\Inetpub\wwwroot\maghalitta\cardapio\img\favor.gif --> ftp.ministeriojessewesley.com.br /public_html/maghalitta.com.br/cardapio/img favor.gif
2009.01.29 02:20 B J:\Inetpub\wwwroot\maghalitta\cardapio\img\fechar.gif --> ftp.ministeriojessewesley.com.br /public_html/maghalitta.com.br/cardapio/img fechar.gif
2009.01.29 02:20 B J:\Inetpub\wwwroot\maghalitta\cardapio\img\feed.gif --> ftp.ministeriojessewesley.com.br /public_html/maghalitta.com.br/cardapio/img feed.gif
2009.01.29 02:20 B J:\Inetpub\wwwroot\maghalitta\cardapio\img\fetchbot2.png --> ftp.ministeriojessewesley.com.br /public_html/maghalitta.com.br/cardapio/img fetchbot2.png
2009.01.29 02:20 B J:\Inetpub\wwwroot\maghalitta\cardapio\img\folder.gif --> ftp.ministeriojessewesley.com.br /public_html/maghalitta.com.br/cardapio/img folder.gif
2009.01.29 02:20 B J:\Inetpub\wwwroot\maghalitta\cardapio\img\folders.gif --> ftp.ministeriojessewesley.com.br /public_html/maghalitta.com.br/cardapio/img folders.gif
2009.01.29 02:20 B J:\Inetpub\wwwroot\maghalitta\cardapio\img\gradient.png --> ftp.ministeriojessewesley.com.br /public_html/maghalitta.com.br/cardapio/img gradient.png
2009.01.29 02:20 B J:\Inetpub\wwwroot\maghalitta\cardapio\img\gradient_hover.png --> ftp.ministeriojessewesley.com.br /public_html/maghalitta.com.br/cardapio/img gradient_hover.png
2009.01.29 02:20 B J:\Inetpub\wwwroot\maghalitta\cardapio\img\green_dot.gif --> ftp.ministeriojessewesley.com.br /public_html/maghalitta.com.br/cardapio/img green_dot.gif
2009.01.29 02:20 B J:\Inetpub\wwwroot\maghalitta\cardapio\img\group-1.gif --> ftp.ministeriojessewesley.com.br /public_html/maghalitta.com.br/cardapio/img group-1.gif
2009.01.29 02:20 B J:\Inetpub\wwwroot\maghalitta\cardapio\img\group-2.gif --> ftp.ministeriojessewesley.com.br /public_html/maghalitta.com.br/cardapio/img group-2.gif
2009.01.29 02:20 B J:\Inetpub\wwwroot\maghalitta\cardapio\img\group-3.gif --> ftp.ministeriojessewesley.com.br /public_html/maghalitta.com.br/cardapio/img group-3.gif
2009.01.29 02:20 B J:\Inetpub\wwwroot\maghalitta\cardapio\img\group-4.gif --> ftp.ministeriojessewesley.com.br /public_html/maghalitta.com.br/cardapio/img group-4.gif
2009.01.29 02:20 B J:\Inetpub\wwwroot\maghalitta\cardapio\img\help.gif --> ftp.ministeriojessewesley.com.br /public_html/maghalitta.com.br/cardapio/img help.gif
2009.01.29 02:20 B J:\Inetpub\wwwroot\maghalitta\cardapio\img\home.gif --> ftp.ministeriojessewesley.com.br /public_html/maghalitta.com.br/cardapio/img home.gif
2009.01.29 02:20 B J:\Inetpub\wwwroot\maghalitta\cardapio\img\host.gif --> ftp.ministeriojessewesley.com.br /public_html/maghalitta.com.br/cardapio/img host.gif
2009.01.29 02:20 B J:\Inetpub\wwwroot\maghalitta\cardapio\img\i.p.attach.gif --> ftp.ministeriojessewesley.com.br /public_html/maghalitta.com.br/cardapio/img i.p.attach.gif
2009.01.29 02:20 B J:\Inetpub\wwwroot\maghalitta\cardapio\img\i.p.block.gif --> ftp.ministeriojessewesley.com.br /public_html/maghalitta.com.br/cardapio/img i.p.block.gif
2009.01.29 02:20 B J:\Inetpub\wwwroot\maghalitta\cardapio\img\i.p.first.gif --> ftp.ministeriojessewesley.com.br /public_html/maghalitta.com.br/cardapio/img i.p.first.gif
2009.01.29 02:20 B J:\Inetpub\wwwroot\maghalitta\cardapio\img\i.p.folder.drafts.gif --> ftp.ministeriojessewesley.com.br /public_html/maghalitta.com.br/cardapio/img i.p.folder.drafts.gif
2009.01.29 02:20 B J:\Inetpub\wwwroot\maghalitta\cardapio\img\i.p.last.gif --> ftp.ministeriojessewesley.com.br /public_html/maghalitta.com.br/cardapio/img i.p.last.gif
2009.01.29 02:20 B J:\Inetpub\wwwroot\maghalitta\cardapio\img\i.p.next.gif --> ftp.ministeriojessewesley.com.br /public_html/maghalitta.com.br/cardapio/img i.p.next.gif
2009.01.29 02:20 B J:\Inetpub\wwwroot\maghalitta\cardapio\img\i.p.previous.gif --> ftp.ministeriojessewesley.com.br /public_html/maghalitta.com.br/cardapio/img i.p.previous.gif
2009.01.29 02:20 B J:\Inetpub\wwwroot\maghalitta\cardapio\img\i.p.printv.gif --> ftp.ministeriojessewesley.com.br /public_html/maghalitta.com.br/cardapio/img i.p.printv.gif
2009.01.29 02:20 B J:\Inetpub\wwwroot\maghalitta\cardapio\img\i_002.gif --> ftp.ministeriojessewesley.com.br /public_html/maghalitta.com.br/cardapio/img i_002.gif
2009.01.29 02:20 B J:\Inetpub\wwwroot\maghalitta\cardapio\img\i_012.gif --> ftp.ministeriojessewesley.com.br /public_html/maghalitta.com.br/cardapio/img i_012.gif
2009.01.29 02:20 B J:\Inetpub\wwwroot\maghalitta\cardapio\img\icaster.gif --> ftp.ministeriojessewesley.com.br /public_html/maghalitta.com.br/cardapio/img icaster.gif
2009.01.29 02:20 B J:\Inetpub\wwwroot\maghalitta\cardapio\img\icon1.gif --> ftp.ministeriojessewesley.com.br /public_html/maghalitta.com.br/cardapio/img icon1.gif
2009.01.29 02:20 B J:\Inetpub\wwwroot\maghalitta\cardapio\img\icon5.gif --> ftp.ministeriojessewesley.com.br /public_html/maghalitta.com.br/cardapio/img icon5.gif
2009.01.29 02:20 B J:\Inetpub\wwwroot\maghalitta\cardapio\img\icon_info.gif --> ftp.ministeriojessewesley.com.br /public_html/maghalitta.com.br/cardapio/img icon_info.gif
2009.01.29 02:20 B J:\Inetpub\wwwroot\maghalitta\cardapio\img\icon_ultima.gif --> ftp.ministeriojessewesley.com.br /public_html/maghalitta.com.br/cardapio/img icon_ultima.gif
2009.01.29 02:20 B J:\Inetpub\wwwroot\maghalitta\cardapio\img\Legenda.jpg --> ftp.ministeriojessewesley.com.br /public_html/maghalitta.com.br/cardapio/img Legenda.jpg
2009.01.29 02:20 B J:\Inetpub\wwwroot\maghalitta\cardapio\img\localizar.gif --> ftp.ministeriojessewesley.com.br /public_html/maghalitta.com.br/cardapio/img localizar.gif
2009.01.29 02:20 B J:\Inetpub\wwwroot\maghalitta\cardapio\img\lock.gif --> ftp.ministeriojessewesley.com.br /public_html/maghalitta.com.br/cardapio/img lock.gif
2009.01.29 02:20 B J:\Inetpub\wwwroot\maghalitta\cardapio\img\lock_topic.gif --> ftp.ministeriojessewesley.com.br /public_html/maghalitta.com.br/cardapio/img lock_topic.gif
2009.01.29 02:20 B J:\Inetpub\wwwroot\maghalitta\cardapio\img\map.gif --> ftp.ministeriojessewesley.com.br /public_html/maghalitta.com.br/cardapio/img map.gif
2009.01.29 02:20 B J:\Inetpub\wwwroot\maghalitta\cardapio\img\meio_cima_blue.gif --> ftp.ministeriojessewesley.com.br /public_html/maghalitta.com.br/cardapio/img meio_cima_blue.gif
2009.01.29 02:20 B J:\Inetpub\wwwroot\maghalitta\cardapio\img\meio_cima_red.gif --> ftp.ministeriojessewesley.com.br /public_html/maghalitta.com.br/cardapio/img meio_cima_red.gif
2009.01.29 02:20 B J:\Inetpub\wwwroot\maghalitta\cardapio\img\menuselect.gif --> ftp.ministeriojessewesley.com.br /public_html/maghalitta.com.br/cardapio/img menuselect.gif
2009.01.29 02:20 B J:\Inetpub\wwwroot\maghalitta\cardapio\img\move_frames.gif --> ftp.ministeriojessewesley.com.br /public_html/maghalitta.com.br/cardapio/img move_frames.gif
2009.01.29 02:20 B J:\Inetpub\wwwroot\maghalitta\cardapio\img\move_frames_direita.gif --> ftp.ministeriojessewesley.com.br /public_html/maghalitta.com.br/cardapio/img move_frames_direita.gif
2009.01.29 02:20 B J:\Inetpub\wwwroot\maghalitta\cardapio\img\on_13x13_greyboxed.gif --> ftp.ministeriojessewesley.com.br /public_html/maghalitta.com.br/cardapio/img on_13x13_greyboxed.gif
2009.01.29 02:20 B J:\Inetpub\wwwroot\maghalitta\cardapio\img\open.gif --> ftp.ministeriojessewesley.com.br /public_html/maghalitta.com.br/cardapio/img open.gif
2009.01.29 02:20 B J:\Inetpub\wwwroot\maghalitta\cardapio\img\page.gif --> ftp.ministeriojessewesley.com.br /public_html/maghalitta.com.br/cardapio/img page.gif
2009.01.29 02:20 B J:\Inetpub\wwwroot\maghalitta\cardapio\img\pano_de_fundo.gif --> ftp.ministeriojessewesley.com.br /public_html/maghalitta.com.br/cardapio/img pano_de_fundo.gif
2009.01.29 02:20 B J:\Inetpub\wwwroot\maghalitta\cardapio\img\params.gif --> ftp.ministeriojessewesley.com.br /public_html/maghalitta.com.br/cardapio/img params.gif
2009.01.29 02:20 B J:\Inetpub\wwwroot\maghalitta\cardapio\img\password.gif --> ftp.ministeriojessewesley.com.br /public_html/maghalitta.com.br/cardapio/img password.gif
2009.01.29 02:20 B J:\Inetpub\wwwroot\maghalitta\cardapio\img\pm.gif --> ftp.ministeriojessewesley.com.br /public_html/maghalitta.com.br/cardapio/img pm.gif
2009.01.29 02:20 B J:\Inetpub\wwwroot\maghalitta\cardapio\img\print.gif --> ftp.ministeriojessewesley.com.br /public_html/maghalitta.com.br/cardapio/img print.gif
2009.01.29 02:20 B J:\Inetpub\wwwroot\maghalitta\cardapio\img\profile.gif --> ftp.ministeriojessewesley.com.br /public_html/maghalitta.com.br/cardapio/img profile.gif
2009.01.29 02:20 B J:\Inetpub\wwwroot\maghalitta\cardapio\img\quote.gif --> ftp.ministeriojessewesley.com.br /public_html/maghalitta.com.br/cardapio/img quote.gif
2009.01.29 02:20 B J:\Inetpub\wwwroot\maghalitta\cardapio\img\recycle.gif --> ftp.ministeriojessewesley.com.br /public_html/maghalitta.com.br/cardapio/img recycle.gif
2009.01.29 02:20 B J:\Inetpub\wwwroot\maghalitta\cardapio\img\red_dot.gif --> ftp.ministeriojessewesley.com.br /public_html/maghalitta.com.br/cardapio/img red_dot.gif
2009.01.29 02:20 B J:\Inetpub\wwwroot\maghalitta\cardapio\img\red_folder.gif --> ftp.ministeriojessewesley.com.br /public_html/maghalitta.com.br/cardapio/img red_folder.gif
2009.01.29 02:20 B J:\Inetpub\wwwroot\maghalitta\cardapio\img\restore_f2.png --> ftp.ministeriojessewesley.com.br /public_html/maghalitta.com.br/cardapio/img restore_f2.png
2009.01.29 02:20 B J:\Inetpub\wwwroot\maghalitta\cardapio\img\savenew.gif --> ftp.ministeriojessewesley.com.br /public_html/maghalitta.com.br/cardapio/img savenew.gif
2009.01.29 02:20 B J:\Inetpub\wwwroot\maghalitta\cardapio\img\select.gif --> ftp.ministeriojessewesley.com.br /public_html/maghalitta.com.br/cardapio/img select.gif
2009.01.29 02:20 B J:\Inetpub\wwwroot\maghalitta\cardapio\img\star.gif --> ftp.ministeriojessewesley.com.br /public_html/maghalitta.com.br/cardapio/img star.gif
2009.01.29 02:20 B J:\Inetpub\wwwroot\maghalitta\cardapio\img\status_del.gif --> ftp.ministeriojessewesley.com.br /public_html/maghalitta.com.br/cardapio/img status_del.gif
2009.01.29 02:20 B J:\Inetpub\wwwroot\maghalitta\cardapio\img\status_del1.gif --> ftp.ministeriojessewesley.com.br /public_html/maghalitta.com.br/cardapio/img status_del1.gif
2009.01.29 02:20 B J:\Inetpub\wwwroot\maghalitta\cardapio\img\stop.gif --> ftp.ministeriojessewesley.com.br /public_html/maghalitta.com.br/cardapio/img stop.gif
2009.01.29 02:20 B J:\Inetpub\wwwroot\maghalitta\cardapio\img\transparentpixel.gif --> ftp.ministeriojessewesley.com.br /public_html/maghalitta.com.br/cardapio/img transparentpixel.gif
2009.01.29 02:20 B J:\Inetpub\wwwroot\maghalitta\cardapio\img\trash.gif --> ftp.ministeriojessewesley.com.br /public_html/maghalitta.com.br/cardapio/img trash.gif
2009.01.29 02:20 B J:\Inetpub\wwwroot\maghalitta\cardapio\img\tu.gif --> ftp.ministeriojessewesley.com.br /public_html/maghalitta.com.br/cardapio/img tu.gif
2009.01.29 02:20 B J:\Inetpub\wwwroot\maghalitta\cardapio\img\undo.gif --> ftp.ministeriojessewesley.com.br /public_html/maghalitta.com.br/cardapio/img undo.gif
2009.01.29 02:20 B J:\Inetpub\wwwroot\maghalitta\cardapio\img\unlock_topic.gif --> ftp.ministeriojessewesley.com.br /public_html/maghalitta.com.br/cardapio/img unlock_topic.gif
2009.01.29 02:20 B J:\Inetpub\wwwroot\maghalitta\cardapio\img\ur-admin.gif --> ftp.ministeriojessewesley.com.br /public_html/maghalitta.com.br/cardapio/img ur-admin.gif
2009.01.29 02:20 B J:\Inetpub\wwwroot\maghalitta\cardapio\img\ur-anony.gif --> ftp.ministeriojessewesley.com.br /public_html/maghalitta.com.br/cardapio/img ur-anony.gif
2009.01.29 02:20 B J:\Inetpub\wwwroot\maghalitta\cardapio\img\ur-author.gif --> ftp.ministeriojessewesley.com.br /public_html/maghalitta.com.br/cardapio/img ur-author.gif
2009.01.29 02:20 B J:\Inetpub\wwwroot\maghalitta\cardapio\img\ur-guest.gif --> ftp.ministeriojessewesley.com.br /public_html/maghalitta.com.br/cardapio/img ur-guest.gif
2009.01.29 02:20 B J:\Inetpub\wwwroot\maghalitta\cardapio\img\ur-member.gif --> ftp.ministeriojessewesley.com.br /public_html/maghalitta.com.br/cardapio/img ur-member.gif
2009.01.29 02:20 B J:\Inetpub\wwwroot\maghalitta\cardapio\img\ur-moderator.gif --> ftp.ministeriojessewesley.com.br /public_html/maghalitta.com.br/cardapio/img ur-moderator.gif
2009.01.29 02:20 B J:\Inetpub\wwwroot\maghalitta\cardapio\img\ur-registered.gif --> ftp.ministeriojessewesley.com.br /public_html/maghalitta.com.br/cardapio/img ur-registered.gif
2009.01.29 02:20 B J:\Inetpub\wwwroot\maghalitta\cardapio\img\ur-super.gif --> ftp.ministeriojessewesley.com.br /public_html/maghalitta.com.br/cardapio/img ur-super.gif
2009.01.29 02:20 B J:\Inetpub\wwwroot\maghalitta\cardapio\img\valor.gif --> ftp.ministeriojessewesley.com.br /public_html/maghalitta.com.br/cardapio/img valor.gif
2009.01.29 02:20 B J:\Inetpub\wwwroot\maghalitta\cardapio\img\writenew.gif --> ftp.ministeriojessewesley.com.br /public_html/maghalitta.com.br/cardapio/img writenew.gif
2009.01.29 02:21 B J:\Inetpub\wwwroot\maghalitta\cardapio\img\xpicon1.gif --> ftp.ministeriojessewesley.com.br /public_html/maghalitta.com.br/cardapio/img xpicon1.gif
2009.01.29 02:21 B J:\Inetpub\wwwroot\maghalitta\cardapio\img\yes2.gif --> ftp.ministeriojessewesley.com.br /public_html/maghalitta.com.br/cardapio/img yes2.gif
2009.01.29 02:21 B J:\Inetpub\wwwroot\maghalitta\cardapio\img\botton_completo.gif --> ftp.ministeriojessewesley.com.br /public_html/maghalitta.com.br/cardapio/img botton_completo.gif
2009.01.29 02:21 B J:\Inetpub\wwwroot\maghalitta\cardapio\img\top_completo_red.gif --> ftp.ministeriojessewesley.com.br /public_html/maghalitta.com.br/cardapio/img top_completo_red.gif
2009.01.29 02:21 B J:\Inetpub\wwwroot\maghalitta\cardapio\img\lupa.gif --> ftp.ministeriojessewesley.com.br /public_html/maghalitta.com.br/cardapio/img lupa.gif
2009.01.29 02:21 B J:\Inetpub\wwwroot\maghalitta\cardapio\img\back_right.gif --> ftp.ministeriojessewesley.com.br /public_html/maghalitta.com.br/cardapio/img back_right.gif
2009.01.29 02:21 B J:\Inetpub\wwwroot\maghalitta\cardapio\img\back_left.gif --> ftp.ministeriojessewesley.com.br /public_html/maghalitta.com.br/cardapio/img back_left.gif
2009.01.29 02:21 B J:\Inetpub\wwwroot\maghalitta\cardapio\img\lupa_grafico.gif --> ftp.ministeriojessewesley.com.br /public_html/maghalitta.com.br/cardapio/img lupa_grafico.gif
2009.01.29 02:21 B J:\Inetpub\wwwroot\maghalitta\cardapio\img\impressora.gif --> ftp.ministeriojessewesley.com.br /public_html/maghalitta.com.br/cardapio/img impressora.gif
2009.01.29 02:21 B J:\Inetpub\wwwroot\maghalitta\cardapio\img\email.gif --> ftp.ministeriojessewesley.com.br /public_html/maghalitta.com.br/cardapio/img email.gif
2009.01.29 02:21 B J:\Inetpub\wwwroot\maghalitta\cardapio\img\sinal_vermelho.gif --> ftp.ministeriojessewesley.com.br /public_html/maghalitta.com.br/cardapio/img sinal_vermelho.gif
2009.01.29 02:21 B J:\Inetpub\wwwroot\maghalitta\cardapio\img\sinal_amarelo.gif --> ftp.ministeriojessewesley.com.br /public_html/maghalitta.com.br/cardapio/img sinal_amarelo.gif
2009.01.29 02:21 B J:\Inetpub\wwwroot\maghalitta\cardapio\img\sinal_verde.gif --> ftp.ministeriojessewesley.com.br /public_html/maghalitta.com.br/cardapio/img sinal_verde.gif
2009.01.29 02:21 B J:\Inetpub\wwwroot\maghalitta\cardapio\img\semaforo.gif --> ftp.ministeriojessewesley.com.br /public_html/maghalitta.com.br/cardapio/img semaforo.gif
2009.01.29 02:21 B J:\Inetpub\wwwroot\maghalitta\cardapio\img\indicador_d.gif --> ftp.ministeriojessewesley.com.br /public_html/maghalitta.com.br/cardapio/img indicador_d.gif
2009.01.29 02:21 B J:\Inetpub\wwwroot\maghalitta\cardapio\img\indicador_q.gif --> ftp.ministeriojessewesley.com.br /public_html/maghalitta.com.br/cardapio/img indicador_q.gif
2009.01.29 02:21 B J:\Inetpub\wwwroot\maghalitta\cardapio\img\seta_baixo.gif --> ftp.ministeriojessewesley.com.br /public_html/maghalitta.com.br/cardapio/img seta_baixo.gif
2009.01.29 02:21 B J:\Inetpub\wwwroot\maghalitta\cardapio\img\seta_titulo_baixo.gif --> ftp.ministeriojessewesley.com.br /public_html/maghalitta.com.br/cardapio/img seta_titulo_baixo.gif
2009.01.29 02:21 B J:\Inetpub\wwwroot\maghalitta\cardapio\img\seta_cima.gif --> ftp.ministeriojessewesley.com.br /public_html/maghalitta.com.br/cardapio/img seta_cima.gif
2009.01.29 02:21 B J:\Inetpub\wwwroot\maghalitta\cardapio\img\seta_titulo_cima.gif --> ftp.ministeriojessewesley.com.br /public_html/maghalitta.com.br/cardapio/img seta_titulo_cima.gif
2009.01.29 02:21 B J:\Inetpub\wwwroot\maghalitta\cardapio\img\top_completo_760_blue.gif --> ftp.ministeriojessewesley.com.br /public_html/maghalitta.com.br/cardapio/img top_completo_760_blue.gif
2009.01.29 02:21 B J:\Inetpub\wwwroot\maghalitta\cardapio\img\direita_cima.gif --> ftp.ministeriojessewesley.com.br /public_html/maghalitta.com.br/cardapio/img direita_cima.gif
2009.01.29 02:21 B J:\Inetpub\wwwroot\maghalitta\cardapio\img\esq_cima.gif --> ftp.ministeriojessewesley.com.br /public_html/maghalitta.com.br/cardapio/img esq_cima.gif
2009.01.29 02:21 B J:\Inetpub\wwwroot\maghalitta\cardapio\img\meio_cima.gif --> ftp.ministeriojessewesley.com.br /public_html/maghalitta.com.br/cardapio/img meio_cima.gif
2009.01.29 02:21 B J:\Inetpub\wwwroot\maghalitta\cardapio\img\btn_justificativa.gif --> ftp.ministeriojessewesley.com.br /public_html/maghalitta.com.br/cardapio/img btn_justificativa.gif
2009.01.29 02:21 B J:\Inetpub\wwwroot\maghalitta\cardapio\img\justificativa_m_tb.gif --> ftp.ministeriojessewesley.com.br /public_html/maghalitta.com.br/cardapio/img justificativa_m_tb.gif
2009.01.29 02:21 B J:\Inetpub\wwwroot\maghalitta\cardapio\img\bg_geral_azul.gif --> ftp.ministeriojessewesley.com.br /public_html/maghalitta.com.br/cardapio/img bg_geral_azul.gif
2009.01.29 02:21 B J:\Inetpub\wwwroot\maghalitta\cardapio\img\adicionar_grafico.gif --> ftp.ministeriojessewesley.com.br /public_html/maghalitta.com.br/cardapio/img adicionar_grafico.gif
2009.01.29 02:21 B J:\Inetpub\wwwroot\maghalitta\cardapio\img\valor2.gif --> ftp.ministeriojessewesley.com.br /public_html/maghalitta.com.br/cardapio/img valor2.gif
2009.01.29 02:21 B J:\Inetpub\wwwroot\maghalitta\cardapio\img\calendar.gif --> ftp.ministeriojessewesley.com.br /public_html/maghalitta.com.br/cardapio/img calendar.gif
2009.01.29 02:21 B J:\Inetpub\wwwroot\maghalitta\cardapio\img\adicionar_gp.gif --> ftp.ministeriojessewesley.com.br /public_html/maghalitta.com.br/cardapio/img adicionar_gp.gif
2009.01.29 02:21 B J:\Inetpub\wwwroot\maghalitta\cardapio\img\excluir_grafico.png --> ftp.ministeriojessewesley.com.br /public_html/maghalitta.com.br/cardapio/img excluir_grafico.png
2009.01.29 02:21 B J:\Inetpub\wwwroot\maghalitta\cardapio\img\excluir_grafico.gif --> ftp.ministeriojessewesley.com.br /public_html/maghalitta.com.br/cardapio/img excluir_grafico.gif
2009.01.29 02:21 B J:\Inetpub\wwwroot\maghalitta\cardapio\img\deletar_gp.gif --> ftp.ministeriojessewesley.com.br /public_html/maghalitta.com.br/cardapio/img deletar_gp.gif
2009.01.29 02:21 B J:\Inetpub\wwwroot\maghalitta\cardapio\img\adicionar_marco.gif --> ftp.ministeriojessewesley.com.br /public_html/maghalitta.com.br/cardapio/img adicionar_marco.gif
2009.01.29 02:21 B J:\Inetpub\wwwroot\maghalitta\cardapio\img\excluir_marco.gif --> ftp.ministeriojessewesley.com.br /public_html/maghalitta.com.br/cardapio/img excluir_marco.gif
2009.01.29 02:21 B J:\Inetpub\wwwroot\maghalitta\cardapio\img\cadeado_aberto.gif --> ftp.ministeriojessewesley.com.br /public_html/maghalitta.com.br/cardapio/img cadeado_aberto.gif
2009.01.29 02:21 B J:\Inetpub\wwwroot\maghalitta\cardapio\img\cadeado_fechado.gif --> ftp.ministeriojessewesley.com.br /public_html/maghalitta.com.br/cardapio/img cadeado_fechado.gif
2009.01.29 02:21 B J:\Inetpub\wwwroot\maghalitta\cardapio\img\yes.gif --> ftp.ministeriojessewesley.com.br /public_html/maghalitta.com.br/cardapio/img yes.gif
2009.01.29 02:21 B J:\Inetpub\wwwroot\maghalitta\cardapio\img\no.gif --> ftp.ministeriojessewesley.com.br /public_html/maghalitta.com.br/cardapio/img no.gif
2009.01.29 02:21 B J:\Inetpub\wwwroot\maghalitta\cardapio\img\btn_justificativa_esq.gif --> ftp.ministeriojessewesley.com.br /public_html/maghalitta.com.br/cardapio/img btn_justificativa_esq.gif
2009.01.29 02:21 B J:\Inetpub\wwwroot\maghalitta\cardapio\img\ordenar_baixo.gif --> ftp.ministeriojessewesley.com.br /public_html/maghalitta.com.br/cardapio/img ordenar_baixo.gif
2009.01.29 02:21 B J:\Inetpub\wwwroot\maghalitta\cardapio\img\ordenar_baixo_tb.gif --> ftp.ministeriojessewesley.com.br /public_html/maghalitta.com.br/cardapio/img ordenar_baixo_tb.gif
2009.01.29 02:21 B J:\Inetpub\wwwroot\maghalitta\cardapio\img\ordenar_cima_tb.gif --> ftp.ministeriojessewesley.com.br /public_html/maghalitta.com.br/cardapio/img ordenar_cima_tb.gif
2009.01.29 02:21 B J:\Inetpub\wwwroot\maghalitta\cardapio\img\fundo_botao.jpg --> ftp.ministeriojessewesley.com.br /public_html/maghalitta.com.br/cardapio/img fundo_botao.jpg
2009.01.29 02:21 B J:\Inetpub\wwwroot\maghalitta\cardapio\img\fundo_botao_hover.jpg --> ftp.ministeriojessewesley.com.br /public_html/maghalitta.com.br/cardapio/img fundo_botao_hover.jpg
2009.01.29 02:21 B J:\Inetpub\wwwroot\maghalitta\cardapio\img\fundo_botao_21.jpg --> ftp.ministeriojessewesley.com.br /public_html/maghalitta.com.br/cardapio/img fundo_botao_21.jpg
2009.01.29 02:21 B J:\Inetpub\wwwroot\maghalitta\cardapio\img\top_completo.gif --> ftp.ministeriojessewesley.com.br /public_html/maghalitta.com.br/cardapio/img top_completo.gif
2009.01.29 02:21 B J:\Inetpub\wwwroot\maghalitta\cardapio\img\adicionar_g_usuario.gif --> ftp.ministeriojessewesley.com.br /public_html/maghalitta.com.br/cardapio/img adicionar_g_usuario.gif
2009.01.29 02:21 B J:\Inetpub\wwwroot\maghalitta\cardapio\img\excluir_g_usuario.gif --> ftp.ministeriojessewesley.com.br /public_html/maghalitta.com.br/cardapio/img excluir_g_usuario.gif
2009.01.29 02:21 B J:\Inetpub\wwwroot\maghalitta\cardapio\img\adicionar_g.gif --> ftp.ministeriojessewesley.com.br /public_html/maghalitta.com.br/cardapio/img adicionar_g.gif
2009.01.29 02:21 B J:\Inetpub\wwwroot\maghalitta\cardapio\img\excluir_g.gif --> ftp.ministeriojessewesley.com.br /public_html/maghalitta.com.br/cardapio/img excluir_g.gif
2009.01.29 02:21 B J:\Inetpub\wwwroot\maghalitta\cardapio\img\sinal_vazio.gif --> ftp.ministeriojessewesley.com.br /public_html/maghalitta.com.br/cardapio/img sinal_vazio.gif
2009.01.29 02:21 B J:\Inetpub\wwwroot\maghalitta\cardapio\img\calendar_disable.gif --> ftp.ministeriojessewesley.com.br /public_html/maghalitta.com.br/cardapio/img calendar_disable.gif
2009.01.29 02:21 B J:\Inetpub\wwwroot\maghalitta\cardapio\img\fundo_botao_gray.gif --> ftp.ministeriojessewesley.com.br /public_html/maghalitta.com.br/cardapio/img fundo_botao_gray.gif
2009.01.29 02:21 B J:\Inetpub\wwwroot\maghalitta\cardapio\img\abre_fecha_justificativa.png --> ftp.ministeriojessewesley.com.br /public_html/maghalitta.com.br/cardapio/img abre_fecha_justificativa.png
2009.01.29 02:21 B J:\Inetpub\wwwroot\maghalitta\cardapio\img\ie.gif --> ftp.ministeriojessewesley.com.br /public_html/maghalitta.com.br/cardapio/img ie.gif
2009.01.29 02:21 B J:\Inetpub\wwwroot\maghalitta\cardapio\img\esq_baixo.gif --> ftp.ministeriojessewesley.com.br /public_html/maghalitta.com.br/cardapio/img esq_baixo.gif
2009.01.29 02:21 B J:\Inetpub\wwwroot\maghalitta\cardapio\img\meio_baixo.gif --> ftp.ministeriojessewesley.com.br /public_html/maghalitta.com.br/cardapio/img meio_baixo.gif
2009.01.29 02:21 B J:\Inetpub\wwwroot\maghalitta\cardapio\img\direita_baixo.gif --> ftp.ministeriojessewesley.com.br /public_html/maghalitta.com.br/cardapio/img direita_baixo.gif
2009.01.29 02:21 B J:\Inetpub\wwwroot\maghalitta\cardapio\img\spacer.gif --> ftp.ministeriojessewesley.com.br /public_html/maghalitta.com.br/cardapio/img spacer.gif
2009.01.29 02:21 B J:\Inetpub\wwwroot\maghalitta\cardapio\img\fecha_combo.png --> ftp.ministeriojessewesley.com.br /public_html/maghalitta.com.br/cardapio/img fecha_combo.png
2009.01.29 02:21 B J:\Inetpub\wwwroot\maghalitta\cardapio\img\abre_combo.png --> ftp.ministeriojessewesley.com.br /public_html/maghalitta.com.br/cardapio/img abre_combo.png
2009.01.29 02:21 B J:\Inetpub\wwwroot\maghalitta\cardapio\img\sinal_azul.gif --> ftp.ministeriojessewesley.com.br /public_html/maghalitta.com.br/cardapio/img sinal_azul.gif
2009.01.29 02:21 B J:\Inetpub\wwwroot\maghalitta\cardapio\img\logo.jpg --> ftp.ministeriojessewesley.com.br /public_html/maghalitta.com.br/cardapio/img logo.jpg
2009.01.29 02:21 B J:\Inetpub\wwwroot\maghalitta\cardapio\img\Thumbs.db --> ftp.ministeriojessewesley.com.br /public_html/maghalitta.com.br/cardapio/img Thumbs.db
2009.06.30 02:11 B C:\Arquivos de programas\EasyPHP 2.0b1\www\sosturista\admin2\img\1star.gif --> ftp.pauloenok.com.br /public_html/projects/sosturista/admin2/img 1star.gif
2009.06.30 02:11 B C:\Arquivos de programas\EasyPHP 2.0b1\www\sosturista\admin2\img\1star.PNG --> ftp.pauloenok.com.br /public_html/projects/sosturista/admin2/img 1star.PNG
2009.06.30 02:11 B C:\Arquivos de programas\EasyPHP 2.0b1\www\sosturista\admin2\img\385.jpg --> ftp.pauloenok.com.br /public_html/projects/sosturista/admin2/img 385.jpg
2009.06.30 02:11 B C:\Arquivos de programas\EasyPHP 2.0b1\www\sosturista\admin2\img\_bg_geral.gif --> ftp.pauloenok.com.br /public_html/projects/sosturista/admin2/img _bg_geral.gif
2009.06.30 02:11 B C:\Arquivos de programas\EasyPHP 2.0b1\www\sosturista\admin2\img\_bg_geral_pure.gif --> ftp.pauloenok.com.br /public_html/projects/sosturista/admin2/img _bg_geral_pure.gif
2009.06.30 02:11 B C:\Arquivos de programas\EasyPHP 2.0b1\www\sosturista\admin2\img\abre_combo.png --> ftp.pauloenok.com.br /public_html/projects/sosturista/admin2/img abre_combo.png
2009.06.30 02:11 B C:\Arquivos de programas\EasyPHP 2.0b1\www\sosturista\admin2\img\abre_fecha_justificativa.png --> ftp.pauloenok.com.br /public_html/projects/sosturista/admin2/img abre_fecha_justificativa.png
2009.06.30 02:11 B C:\Arquivos de programas\EasyPHP 2.0b1\www\sosturista\admin2\img\add.gif --> ftp.pauloenok.com.br /public_html/projects/sosturista/admin2/img add.gif
2009.06.30 02:11 B C:\Arquivos de programas\EasyPHP 2.0b1\www\sosturista\admin2\img\adicionar.gif --> ftp.pauloenok.com.br /public_html/projects/sosturista/admin2/img adicionar.gif
2009.06.30 02:11 B C:\Arquivos de programas\EasyPHP 2.0b1\www\sosturista\admin2\img\adicionar_g.gif --> ftp.pauloenok.com.br /public_html/projects/sosturista/admin2/img adicionar_g.gif
2009.06.30 02:11 B C:\Arquivos de programas\EasyPHP 2.0b1\www\sosturista\admin2\img\adicionar_g_usuario.gif --> ftp.pauloenok.com.br /public_html/projects/sosturista/admin2/img adicionar_g_usuario.gif
2009.06.30 02:11 B C:\Arquivos de programas\EasyPHP 2.0b1\www\sosturista\admin2\img\adicionar_gp.gif --> ftp.pauloenok.com.br /public_html/projects/sosturista/admin2/img adicionar_gp.gif
2009.06.30 02:11 B C:\Arquivos de programas\EasyPHP 2.0b1\www\sosturista\admin2\img\adicionar_grafico.gif --> ftp.pauloenok.com.br /public_html/projects/sosturista/admin2/img adicionar_grafico.gif
2009.06.30 02:11 B C:\Arquivos de programas\EasyPHP 2.0b1\www\sosturista\admin2\img\adicionar_marco.gif --> ftp.pauloenok.com.br /public_html/projects/sosturista/admin2/img adicionar_marco.gif
2009.06.30 02:11 B C:\Arquivos de programas\EasyPHP 2.0b1\www\sosturista\admin2\img\apply_f2.png --> ftp.pauloenok.com.br /public_html/projects/sosturista/admin2/img apply_f2.png
2009.06.30 02:11 B C:\Arquivos de programas\EasyPHP 2.0b1\www\sosturista\admin2\img\ardown.gif --> ftp.pauloenok.com.br /public_html/projects/sosturista/admin2/img ardown.gif
2009.06.30 02:11 B C:\Arquivos de programas\EasyPHP 2.0b1\www\sosturista\admin2\img\articles.gif --> ftp.pauloenok.com.br /public_html/projects/sosturista/admin2/img articles.gif
2009.06.30 02:11 B C:\Arquivos de programas\EasyPHP 2.0b1\www\sosturista\admin2\img\arup.gif --> ftp.pauloenok.com.br /public_html/projects/sosturista/admin2/img arup.gif
2009.06.30 02:11 B C:\Arquivos de programas\EasyPHP 2.0b1\www\sosturista\admin2\img\asc_order.gif --> ftp.pauloenok.com.br /public_html/projects/sosturista/admin2/img asc_order.gif
2009.06.30 02:11 B C:\Arquivos de programas\EasyPHP 2.0b1\www\sosturista\admin2\img\atendimento.gif --> ftp.pauloenok.com.br /public_html/projects/sosturista/admin2/img atendimento.gif
2009.06.30 02:11 B C:\Arquivos de programas\EasyPHP 2.0b1\www\sosturista\admin2\img\b02.gif --> ftp.pauloenok.com.br /public_html/projects/sosturista/admin2/img b02.gif
2009.06.30 02:11 B C:\Arquivos de programas\EasyPHP 2.0b1\www\sosturista\admin2\img\b_drop.png --> ftp.pauloenok.com.br /public_html/projects/sosturista/admin2/img b_drop.png
2009.06.30 02:11 B C:\Arquivos de programas\EasyPHP 2.0b1\www\sosturista\admin2\img\b_edit.png --> ftp.pauloenok.com.br /public_html/projects/sosturista/admin2/img b_edit.png
2009.06.30 02:11 B C:\Arquivos de programas\EasyPHP 2.0b1\www\sosturista\admin2\img\b_search.png --> ftp.pauloenok.com.br /public_html/projects/sosturista/admin2/img b_search.png
2009.06.30 02:11 B C:\Arquivos de programas\EasyPHP 2.0b1\www\sosturista\admin2\img\back.gif --> ftp.pauloenok.com.br /public_html/projects/sosturista/admin2/img back.gif
2009.06.30 02:11 B C:\Arquivos de programas\EasyPHP 2.0b1\www\sosturista\admin2\img\back2.gif --> ftp.pauloenok.com.br /public_html/projects/sosturista/admin2/img back2.gif
2009.06.30 02:11 B C:\Arquivos de programas\EasyPHP 2.0b1\www\sosturista\admin2\img\back_f2.png --> ftp.pauloenok.com.br /public_html/projects/sosturista/admin2/img back_f2.png
2009.06.30 02:11 B C:\Arquivos de programas\EasyPHP 2.0b1\www\sosturista\admin2\img\back_left.gif --> ftp.pauloenok.com.br /public_html/projects/sosturista/admin2/img back_left.gif
2009.06.30 02:11 B C:\Arquivos de programas\EasyPHP 2.0b1\www\sosturista\admin2\img\back_right.gif --> ftp.pauloenok.com.br /public_html/projects/sosturista/admin2/img back_right.gif
2009.06.30 02:11 B C:\Arquivos de programas\EasyPHP 2.0b1\www\sosturista\admin2\img\background.gif --> ftp.pauloenok.com.br /public_html/projects/sosturista/admin2/img background.gif
2009.06.30 02:11 B C:\Arquivos de programas\EasyPHP 2.0b1\www\sosturista\admin2\img\bg.gif --> ftp.pauloenok.com.br /public_html/projects/sosturista/admin2/img bg.gif
2009.06.30 02:11 B C:\Arquivos de programas\EasyPHP 2.0b1\www\sosturista\admin2\img\bg_geral.gif --> ftp.pauloenok.com.br /public_html/projects/sosturista/admin2/img bg_geral.gif
2009.06.30 02:11 B C:\Arquivos de programas\EasyPHP 2.0b1\www\sosturista\admin2\img\bg_geral_azul.gif --> ftp.pauloenok.com.br /public_html/projects/sosturista/admin2/img bg_geral_azul.gif
2009.06.30 02:11 B C:\Arquivos de programas\EasyPHP 2.0b1\www\sosturista\admin2\img\bg_geral_beje.gif --> ftp.pauloenok.com.br /public_html/projects/sosturista/admin2/img bg_geral_beje.gif
2009.06.30 02:11 B C:\Arquivos de programas\EasyPHP 2.0b1\www\sosturista\admin2\img\bg_geral_pure.gif --> ftp.pauloenok.com.br /public_html/projects/sosturista/admin2/img bg_geral_pure.gif
2009.06.30 02:11 B C:\Arquivos de programas\EasyPHP 2.0b1\www\sosturista\admin2\img\bg_green.gif --> ftp.pauloenok.com.br /public_html/projects/sosturista/admin2/img bg_green.gif
2009.06.30 02:11 B C:\Arquivos de programas\EasyPHP 2.0b1\www\sosturista\admin2\img\black_13x13_greyboxed.gif --> ftp.pauloenok.com.br /public_html/projects/sosturista/admin2/img black_13x13_greyboxed.gif
2009.06.30 02:11 B C:\Arquivos de programas\EasyPHP 2.0b1\www\sosturista\admin2\img\blank.gif --> ftp.pauloenok.com.br /public_html/projects/sosturista/admin2/img blank.gif
2009.06.30 02:11 B C:\Arquivos de programas\EasyPHP 2.0b1\www\sosturista\admin2\img\blue.jpg --> ftp.pauloenok.com.br /public_html/projects/sosturista/admin2/img blue.jpg
2009.06.30 02:11 B C:\Arquivos de programas\EasyPHP 2.0b1\www\sosturista\admin2\img\botton_completo.gif --> ftp.pauloenok.com.br /public_html/projects/sosturista/admin2/img botton_completo.gif
2009.06.30 02:11 B C:\Arquivos de programas\EasyPHP 2.0b1\www\sosturista\admin2\img\botton_dir_extjs.gif --> ftp.pauloenok.com.br /public_html/projects/sosturista/admin2/img botton_dir_extjs.gif
2009.06.30 02:11 B C:\Arquivos de programas\EasyPHP 2.0b1\www\sosturista\admin2\img\botton_dir_extjs_green.gif --> ftp.pauloenok.com.br /public_html/projects/sosturista/admin2/img botton_dir_extjs_green.gif
2009.06.30 02:11 B C:\Arquivos de programas\EasyPHP 2.0b1\www\sosturista\admin2\img\botton_esq_extjs.gif --> ftp.pauloenok.com.br /public_html/projects/sosturista/admin2/img botton_esq_extjs.gif
2009.06.30 02:11 B C:\Arquivos de programas\EasyPHP 2.0b1\www\sosturista\admin2\img\botton_esq_extjs_green.gif --> ftp.pauloenok.com.br /public_html/projects/sosturista/admin2/img botton_esq_extjs_green.gif
2009.06.30 02:11 B C:\Arquivos de programas\EasyPHP 2.0b1\www\sosturista\admin2\img\botton_extjs.gif --> ftp.pauloenok.com.br /public_html/projects/sosturista/admin2/img botton_extjs.gif
2009.06.30 02:11 B C:\Arquivos de programas\EasyPHP 2.0b1\www\sosturista\admin2\img\botton_extjs_green.gif --> ftp.pauloenok.com.br /public_html/projects/sosturista/admin2/img botton_extjs_green.gif
2009.06.30 02:11 B C:\Arquivos de programas\EasyPHP 2.0b1\www\sosturista\admin2\img\bt_baixo.gif --> ftp.pauloenok.com.br /public_html/projects/sosturista/admin2/img bt_baixo.gif
2009.06.30 02:11 B C:\Arquivos de programas\EasyPHP 2.0b1\www\sosturista\admin2\img\bt_baixo.PNG --> ftp.pauloenok.com.br /public_html/projects/sosturista/admin2/img bt_baixo.PNG
2009.06.30 02:11 B C:\Arquivos de programas\EasyPHP 2.0b1\www\sosturista\admin2\img\bt_cima.gif --> ftp.pauloenok.com.br /public_html/projects/sosturista/admin2/img bt_cima.gif
2009.06.30 02:11 B C:\Arquivos de programas\EasyPHP 2.0b1\www\sosturista\admin2\img\bt_cima.PNG --> ftp.pauloenok.com.br /public_html/projects/sosturista/admin2/img bt_cima.PNG
2009.06.30 02:11 B C:\Arquivos de programas\EasyPHP 2.0b1\www\sosturista\admin2\img\btn_justificativa.gif --> ftp.pauloenok.com.br /public_html/projects/sosturista/admin2/img btn_justificativa.gif
2009.06.30 02:11 B C:\Arquivos de programas\EasyPHP 2.0b1\www\sosturista\admin2\img\btn_justificativa_esq.gif --> ftp.pauloenok.com.br /public_html/projects/sosturista/admin2/img btn_justificativa_esq.gif
2009.06.30 02:11 B C:\Arquivos de programas\EasyPHP 2.0b1\www\sosturista\admin2\img\busca.gif --> ftp.pauloenok.com.br /public_html/projects/sosturista/admin2/img busca.gif
2009.06.30 02:11 B C:\Arquivos de programas\EasyPHP 2.0b1\www\sosturista\admin2\img\cadeado_aberto.gif --> ftp.pauloenok.com.br /public_html/projects/sosturista/admin2/img cadeado_aberto.gif
2009.06.30 02:11 B C:\Arquivos de programas\EasyPHP 2.0b1\www\sosturista\admin2\img\cadeado_fechado.gif --> ftp.pauloenok.com.br /public_html/projects/sosturista/admin2/img cadeado_fechado.gif
2009.06.30 02:11 B C:\Arquivos de programas\EasyPHP 2.0b1\www\sosturista\admin2\img\calendar.gif --> ftp.pauloenok.com.br /public_html/projects/sosturista/admin2/img calendar.gif
2009.06.30 02:11 B C:\Arquivos de programas\EasyPHP 2.0b1\www\sosturista\admin2\img\calendar.jpg --> ftp.pauloenok.com.br /public_html/projects/sosturista/admin2/img calendar.jpg
2009.06.30 02:11 B C:\Arquivos de programas\EasyPHP 2.0b1\www\sosturista\admin2\img\calendar_disable.gif --> ftp.pauloenok.com.br /public_html/projects/sosturista/admin2/img calendar_disable.gif
2009.06.30 02:11 B C:\Arquivos de programas\EasyPHP 2.0b1\www\sosturista\admin2\img\caret-l.gif --> ftp.pauloenok.com.br /public_html/projects/sosturista/admin2/img caret-l.gif
2009.06.30 02:11 B C:\Arquivos de programas\EasyPHP 2.0b1\www\sosturista\admin2\img\caret-r.gif --> ftp.pauloenok.com.br /public_html/projects/sosturista/admin2/img caret-r.gif
2009.06.30 02:11 B C:\Arquivos de programas\EasyPHP 2.0b1\www\sosturista\admin2\img\clinica.gif --> ftp.pauloenok.com.br /public_html/projects/sosturista/admin2/img clinica.gif
2009.06.30 02:11 B C:\Arquivos de programas\EasyPHP 2.0b1\www\sosturista\admin2\img\close.gif --> ftp.pauloenok.com.br /public_html/projects/sosturista/admin2/img close.gif
2009.06.30 02:11 B C:\Arquivos de programas\EasyPHP 2.0b1\www\sosturista\admin2\img\co_dis.gif --> ftp.pauloenok.com.br /public_html/projects/sosturista/admin2/img co_dis.gif
2009.06.30 02:11 B C:\Arquivos de programas\EasyPHP 2.0b1\www\sosturista\admin2\img\co_dis.PNG --> ftp.pauloenok.com.br /public_html/projects/sosturista/admin2/img co_dis.PNG
2009.06.30 02:11 B C:\Arquivos de programas\EasyPHP 2.0b1\www\sosturista\admin2\img\componi.gif --> ftp.pauloenok.com.br /public_html/projects/sosturista/admin2/img componi.gif
2009.06.30 02:11 B C:\Arquivos de programas\EasyPHP 2.0b1\www\sosturista\admin2\img\default.gif --> ftp.pauloenok.com.br /public_html/projects/sosturista/admin2/img default.gif
2009.06.30 02:11 B C:\Arquivos de programas\EasyPHP 2.0b1\www\sosturista\admin2\img\deletar_gp.gif --> ftp.pauloenok.com.br /public_html/projects/sosturista/admin2/img deletar_gp.gif
2009.06.30 02:11 B C:\Arquivos de programas\EasyPHP 2.0b1\www\sosturista\admin2\img\delete.gif --> ftp.pauloenok.com.br /public_html/projects/sosturista/admin2/img delete.gif
2009.06.30 02:11 B C:\Arquivos de programas\EasyPHP 2.0b1\www\sosturista\admin2\img\desc_order.gif --> ftp.pauloenok.com.br /public_html/projects/sosturista/admin2/img desc_order.gif
2009.06.30 02:11 B C:\Arquivos de programas\EasyPHP 2.0b1\www\sosturista\admin2\img\direita_baixo.gif --> ftp.pauloenok.com.br /public_html/projects/sosturista/admin2/img direita_baixo.gif
2009.06.30 02:11 B C:\Arquivos de programas\EasyPHP 2.0b1\www\sosturista\admin2\img\direita_cima.gif --> ftp.pauloenok.com.br /public_html/projects/sosturista/admin2/img direita_cima.gif
2009.06.30 02:11 B C:\Arquivos de programas\EasyPHP 2.0b1\www\sosturista\admin2\img\direita_cima_blue.gif --> ftp.pauloenok.com.br /public_html/projects/sosturista/admin2/img direita_cima_blue.gif
2009.06.30 02:11 B C:\Arquivos de programas\EasyPHP 2.0b1\www\sosturista\admin2\img\direita_cima_red.gif --> ftp.pauloenok.com.br /public_html/projects/sosturista/admin2/img direita_cima_red.gif
2009.06.30 02:11 B C:\Arquivos de programas\EasyPHP 2.0b1\www\sosturista\admin2\img\div.gif --> ftp.pauloenok.com.br /public_html/projects/sosturista/admin2/img div.gif
2009.06.30 02:11 B C:\Arquivos de programas\EasyPHP 2.0b1\www\sosturista\admin2\img\dot.gif --> ftp.pauloenok.com.br /public_html/projects/sosturista/admin2/img dot.gif
2009.06.30 02:11 B C:\Arquivos de programas\EasyPHP 2.0b1\www\sosturista\admin2\img\dot.PNG --> ftp.pauloenok.com.br /public_html/projects/sosturista/admin2/img dot.PNG
2009.06.30 02:11 B C:\Arquivos de programas\EasyPHP 2.0b1\www\sosturista\admin2\img\ed_cut.gif --> ftp.pauloenok.com.br /public_html/projects/sosturista/admin2/img ed_cut.gif
2009.06.30 02:11 B C:\Arquivos de programas\EasyPHP 2.0b1\www\sosturista\admin2\img\edit.gif --> ftp.pauloenok.com.br /public_html/projects/sosturista/admin2/img edit.gif
2009.06.30 02:11 B C:\Arquivos de programas\EasyPHP 2.0b1\www\sosturista\admin2\img\email.gif --> ftp.pauloenok.com.br /public_html/projects/sosturista/admin2/img email.gif
2009.06.30 02:11 B C:\Arquivos de programas\EasyPHP 2.0b1\www\sosturista\admin2\img\esq_baixo.gif --> ftp.pauloenok.com.br /public_html/projects/sosturista/admin2/img esq_baixo.gif
2009.06.30 02:11 B C:\Arquivos de programas\EasyPHP 2.0b1\www\sosturista\admin2\img\esq_cima.gif --> ftp.pauloenok.com.br /public_html/projects/sosturista/admin2/img esq_cima.gif
2009.06.30 02:11 B C:\Arquivos de programas\EasyPHP 2.0b1\www\sosturista\admin2\img\esq_cima_blue.gif --> ftp.pauloenok.com.br /public_html/projects/sosturista/admin2/img esq_cima_blue.gif
2009.06.30 02:11 B C:\Arquivos de programas\EasyPHP 2.0b1\www\sosturista\admin2\img\esq_cima_red.gif --> ftp.pauloenok.com.br /public_html/projects/sosturista/admin2/img esq_cima_red.gif
2009.06.30 02:11 B C:\Arquivos de programas\EasyPHP 2.0b1\www\sosturista\admin2\img\excluir_g.gif --> ftp.pauloenok.com.br /public_html/projects/sosturista/admin2/img excluir_g.gif
2009.06.30 02:11 B C:\Arquivos de programas\EasyPHP 2.0b1\www\sosturista\admin2\img\excluir_g_usuario.gif --> ftp.pauloenok.com.br /public_html/projects/sosturista/admin2/img excluir_g_usuario.gif
2009.06.30 02:11 B C:\Arquivos de programas\EasyPHP 2.0b1\www\sosturista\admin2\img\excluir_grafico.gif --> ftp.pauloenok.com.br /public_html/projects/sosturista/admin2/img excluir_grafico.gif
2009.06.30 02:11 B C:\Arquivos de programas\EasyPHP 2.0b1\www\sosturista\admin2\img\excluir_grafico.png --> ftp.pauloenok.com.br /public_html/projects/sosturista/admin2/img excluir_grafico.png
2009.06.30 02:11 B C:\Arquivos de programas\EasyPHP 2.0b1\www\sosturista\admin2\img\excluir_marco.gif --> ftp.pauloenok.com.br /public_html/projects/sosturista/admin2/img excluir_marco.gif
2009.06.30 02:11 B C:\Arquivos de programas\EasyPHP 2.0b1\www\sosturista\admin2\img\exe.png --> ftp.pauloenok.com.br /public_html/projects/sosturista/admin2/img exe.png
2009.06.30 02:11 B C:\Arquivos de programas\EasyPHP 2.0b1\www\sosturista\admin2\img\favor.gif --> ftp.pauloenok.com.br /public_html/projects/sosturista/admin2/img favor.gif
2009.06.30 02:11 B C:\Arquivos de programas\EasyPHP 2.0b1\www\sosturista\admin2\img\fecha_combo.png --> ftp.pauloenok.com.br /public_html/projects/sosturista/admin2/img fecha_combo.png
2009.06.30 02:11 B C:\Arquivos de programas\EasyPHP 2.0b1\www\sosturista\admin2\img\fechar.gif --> ftp.pauloenok.com.br /public_html/projects/sosturista/admin2/img fechar.gif
2009.06.30 02:11 B C:\Arquivos de programas\EasyPHP 2.0b1\www\sosturista\admin2\img\feed.gif --> ftp.pauloenok.com.br /public_html/projects/sosturista/admin2/img feed.gif
2009.06.30 02:11 B C:\Arquivos de programas\EasyPHP 2.0b1\www\sosturista\admin2\img\fetchbot2.png --> ftp.pauloenok.com.br /public_html/projects/sosturista/admin2/img fetchbot2.png
2009.06.30 02:11 B C:\Arquivos de programas\EasyPHP 2.0b1\www\sosturista\admin2\img\folder.gif --> ftp.pauloenok.com.br /public_html/projects/sosturista/admin2/img folder.gif
2009.06.30 02:11 B C:\Arquivos de programas\EasyPHP 2.0b1\www\sosturista\admin2\img\folders.gif --> ftp.pauloenok.com.br /public_html/projects/sosturista/admin2/img folders.gif
2009.06.30 02:11 B C:\Arquivos de programas\EasyPHP 2.0b1\www\sosturista\admin2\img\fundo_botao.jpg --> ftp.pauloenok.com.br /public_html/projects/sosturista/admin2/img fundo_botao.jpg
2009.06.30 02:11 B C:\Arquivos de programas\EasyPHP 2.0b1\www\sosturista\admin2\img\fundo_botao_21.jpg --> ftp.pauloenok.com.br /public_html/projects/sosturista/admin2/img fundo_botao_21.jpg
2009.06.30 02:11 B C:\Arquivos de programas\EasyPHP 2.0b1\www\sosturista\admin2\img\fundo_botao_gray.gif --> ftp.pauloenok.com.br /public_html/projects/sosturista/admin2/img fundo_botao_gray.gif
2009.06.30 02:11 B C:\Arquivos de programas\EasyPHP 2.0b1\www\sosturista\admin2\img\fundo_botao_hover.jpg --> ftp.pauloenok.com.br /public_html/projects/sosturista/admin2/img fundo_botao_hover.jpg
2009.06.30 02:11 B C:\Arquivos de programas\EasyPHP 2.0b1\www\sosturista\admin2\img\fundo_fixo.gif --> ftp.pauloenok.com.br /public_html/projects/sosturista/admin2/img fundo_fixo.gif
2009.06.30 02:11 B C:\Arquivos de programas\EasyPHP 2.0b1\www\sosturista\admin2\img\fundo_fixo.jpg --> ftp.pauloenok.com.br /public_html/projects/sosturista/admin2/img fundo_fixo.jpg
2009.06.30 02:11 B C:\Arquivos de programas\EasyPHP 2.0b1\www\sosturista\admin2\img\gradient.png --> ftp.pauloenok.com.br /public_html/projects/sosturista/admin2/img gradient.png
2009.06.30 02:11 B C:\Arquivos de programas\EasyPHP 2.0b1\www\sosturista\admin2\img\gradient_hover.png --> ftp.pauloenok.com.br /public_html/projects/sosturista/admin2/img gradient_hover.png
2009.06.30 02:11 B C:\Arquivos de programas\EasyPHP 2.0b1\www\sosturista\admin2\img\green_dot.gif --> ftp.pauloenok.com.br /public_html/projects/sosturista/admin2/img green_dot.gif
2009.06.30 02:11 B C:\Arquivos de programas\EasyPHP 2.0b1\www\sosturista\admin2\img\group-1.gif --> ftp.pauloenok.com.br /public_html/projects/sosturista/admin2/img group-1.gif
2009.06.30 02:11 B C:\Arquivos de programas\EasyPHP 2.0b1\www\sosturista\admin2\img\group-2.gif --> ftp.pauloenok.com.br /public_html/projects/sosturista/admin2/img group-2.gif
2009.06.30 02:11 B C:\Arquivos de programas\EasyPHP 2.0b1\www\sosturista\admin2\img\group-3.gif --> ftp.pauloenok.com.br /public_html/projects/sosturista/admin2/img group-3.gif
2009.06.30 02:11 B C:\Arquivos de programas\EasyPHP 2.0b1\www\sosturista\admin2\img\group-4.gif --> ftp.pauloenok.com.br /public_html/projects/sosturista/admin2/img group-4.gif
2009.06.30 02:11 B C:\Arquivos de programas\EasyPHP 2.0b1\www\sosturista\admin2\img\help.gif --> ftp.pauloenok.com.br /public_html/projects/sosturista/admin2/img help.gif
2009.06.30 02:11 B C:\Arquivos de programas\EasyPHP 2.0b1\www\sosturista\admin2\img\home.gif --> ftp.pauloenok.com.br /public_html/projects/sosturista/admin2/img home.gif
2009.06.30 02:11 B C:\Arquivos de programas\EasyPHP 2.0b1\www\sosturista\admin2\img\host.gif --> ftp.pauloenok.com.br /public_html/projects/sosturista/admin2/img host.gif
2009.06.30 02:11 B C:\Arquivos de programas\EasyPHP 2.0b1\www\sosturista\admin2\img\i.p.attach.gif --> ftp.pauloenok.com.br /public_html/projects/sosturista/admin2/img i.p.attach.gif
2009.06.30 02:11 B C:\Arquivos de programas\EasyPHP 2.0b1\www\sosturista\admin2\img\i.p.block.gif --> ftp.pauloenok.com.br /public_html/projects/sosturista/admin2/img i.p.block.gif
2009.06.30 02:11 B C:\Arquivos de programas\EasyPHP 2.0b1\www\sosturista\admin2\img\i.p.first.gif --> ftp.pauloenok.com.br /public_html/projects/sosturista/admin2/img i.p.first.gif
2009.06.30 02:11 B C:\Arquivos de programas\EasyPHP 2.0b1\www\sosturista\admin2\img\i.p.folder.drafts.gif --> ftp.pauloenok.com.br /public_html/projects/sosturista/admin2/img i.p.folder.drafts.gif
2009.06.30 02:11 B C:\Arquivos de programas\EasyPHP 2.0b1\www\sosturista\admin2\img\i.p.last.gif --> ftp.pauloenok.com.br /public_html/projects/sosturista/admin2/img i.p.last.gif
2009.06.30 02:11 B C:\Arquivos de programas\EasyPHP 2.0b1\www\sosturista\admin2\img\i.p.next.gif --> ftp.pauloenok.com.br /public_html/projects/sosturista/admin2/img i.p.next.gif
2009.06.30 02:11 B C:\Arquivos de programas\EasyPHP 2.0b1\www\sosturista\admin2\img\i.p.previous.gif --> ftp.pauloenok.com.br /public_html/projects/sosturista/admin2/img i.p.previous.gif
2009.06.30 02:11 B C:\Arquivos de programas\EasyPHP 2.0b1\www\sosturista\admin2\img\i.p.printv.gif --> ftp.pauloenok.com.br /public_html/projects/sosturista/admin2/img i.p.printv.gif
2009.06.30 02:11 B C:\Arquivos de programas\EasyPHP 2.0b1\www\sosturista\admin2\img\i_002.gif --> ftp.pauloenok.com.br /public_html/projects/sosturista/admin2/img i_002.gif
2009.06.30 02:11 B C:\Arquivos de programas\EasyPHP 2.0b1\www\sosturista\admin2\img\i_012.gif --> ftp.pauloenok.com.br /public_html/projects/sosturista/admin2/img i_012.gif
2009.06.30 02:11 B C:\Arquivos de programas\EasyPHP 2.0b1\www\sosturista\admin2\img\icaster.gif --> ftp.pauloenok.com.br /public_html/projects/sosturista/admin2/img icaster.gif
2009.06.30 02:11 B C:\Arquivos de programas\EasyPHP 2.0b1\www\sosturista\admin2\img\icon1.gif --> ftp.pauloenok.com.br /public_html/projects/sosturista/admin2/img icon1.gif
2009.06.30 02:11 B C:\Arquivos de programas\EasyPHP 2.0b1\www\sosturista\admin2\img\icon5.gif --> ftp.pauloenok.com.br /public_html/projects/sosturista/admin2/img icon5.gif
2009.06.30 02:11 B C:\Arquivos de programas\EasyPHP 2.0b1\www\sosturista\admin2\img\icon_info.gif --> ftp.pauloenok.com.br /public_html/projects/sosturista/admin2/img icon_info.gif
2009.06.30 02:11 B C:\Arquivos de programas\EasyPHP 2.0b1\www\sosturista\admin2\img\icon_ultima.gif --> ftp.pauloenok.com.br /public_html/projects/sosturista/admin2/img icon_ultima.gif
2009.06.30 02:11 B C:\Arquivos de programas\EasyPHP 2.0b1\www\sosturista\admin2\img\ie.gif --> ftp.pauloenok.com.br /public_html/projects/sosturista/admin2/img ie.gif
2009.06.30 02:11 B C:\Arquivos de programas\EasyPHP 2.0b1\www\sosturista\admin2\img\impressora.gif --> ftp.pauloenok.com.br /public_html/projects/sosturista/admin2/img impressora.gif
2009.06.30 02:11 B C:\Arquivos de programas\EasyPHP 2.0b1\www\sosturista\admin2\img\indicador_d.gif --> ftp.pauloenok.com.br /public_html/projects/sosturista/admin2/img indicador_d.gif
2009.06.30 02:11 B C:\Arquivos de programas\EasyPHP 2.0b1\www\sosturista\admin2\img\indicador_q.gif --> ftp.pauloenok.com.br /public_html/projects/sosturista/admin2/img indicador_q.gif
2009.06.30 02:11 B C:\Arquivos de programas\EasyPHP 2.0b1\www\sosturista\admin2\img\justificativa_m_tb.gif --> ftp.pauloenok.com.br /public_html/projects/sosturista/admin2/img justificativa_m_tb.gif
2009.06.30 02:11 B C:\Arquivos de programas\EasyPHP 2.0b1\www\sosturista\admin2\img\localizar.gif --> ftp.pauloenok.com.br /public_html/projects/sosturista/admin2/img localizar.gif
2009.06.30 02:11 B C:\Arquivos de programas\EasyPHP 2.0b1\www\sosturista\admin2\img\lock.gif --> ftp.pauloenok.com.br /public_html/projects/sosturista/admin2/img lock.gif
2009.06.30 02:11 B C:\Arquivos de programas\EasyPHP 2.0b1\www\sosturista\admin2\img\lock_topic.gif --> ftp.pauloenok.com.br /public_html/projects/sosturista/admin2/img lock_topic.gif
2009.06.30 02:11 B C:\Arquivos de programas\EasyPHP 2.0b1\www\sosturista\admin2\img\logo.jpg --> ftp.pauloenok.com.br /public_html/projects/sosturista/admin2/img logo.jpg
2009.06.30 02:11 B C:\Arquivos de programas\EasyPHP 2.0b1\www\sosturista\admin2\img\lupa.gif --> ftp.pauloenok.com.br /public_html/projects/sosturista/admin2/img lupa.gif
2009.06.30 02:11 B C:\Arquivos de programas\EasyPHP 2.0b1\www\sosturista\admin2\img\lupa_grafico.gif --> ftp.pauloenok.com.br /public_html/projects/sosturista/admin2/img lupa_grafico.gif
2009.06.30 02:11 B C:\Arquivos de programas\EasyPHP 2.0b1\www\sosturista\admin2\img\map.gif --> ftp.pauloenok.com.br /public_html/projects/sosturista/admin2/img map.gif
2009.06.30 02:11 B C:\Arquivos de programas\EasyPHP 2.0b1\www\sosturista\admin2\img\marco_close.gif --> ftp.pauloenok.com.br /public_html/projects/sosturista/admin2/img marco_close.gif
2009.06.30 02:11 B C:\Arquivos de programas\EasyPHP 2.0b1\www\sosturista\admin2\img\marco_open.gif --> ftp.pauloenok.com.br /public_html/projects/sosturista/admin2/img marco_open.gif
2009.06.30 02:11 B C:\Arquivos de programas\EasyPHP 2.0b1\www\sosturista\admin2\img\meio_baixo.gif --> ftp.pauloenok.com.br /public_html/projects/sosturista/admin2/img meio_baixo.gif
2009.06.30 02:11 B C:\Arquivos de programas\EasyPHP 2.0b1\www\sosturista\admin2\img\meio_cima.gif --> ftp.pauloenok.com.br /public_html/projects/sosturista/admin2/img meio_cima.gif
2009.06.30 02:11 B C:\Arquivos de programas\EasyPHP 2.0b1\www\sosturista\admin2\img\meio_cima_blue.gif --> ftp.pauloenok.com.br /public_html/projects/sosturista/admin2/img meio_cima_blue.gif
2009.06.30 02:11 B C:\Arquivos de programas\EasyPHP 2.0b1\www\sosturista\admin2\img\meio_cima_red.gif --> ftp.pauloenok.com.br /public_html/projects/sosturista/admin2/img meio_cima_red.gif
2009.06.30 02:11 B C:\Arquivos de programas\EasyPHP 2.0b1\www\sosturista\admin2\img\menu.fla --> ftp.pauloenok.com.br /public_html/projects/sosturista/admin2/img menu.fla
2009.06.30 02:11 B C:\Arquivos de programas\EasyPHP 2.0b1\www\sosturista\admin2\img\menu_title.png --> ftp.pauloenok.com.br /public_html/projects/sosturista/admin2/img menu_title.png
2009.06.30 02:11 B C:\Arquivos de programas\EasyPHP 2.0b1\www\sosturista\admin2\img\menu_title_green.png --> ftp.pauloenok.com.br /public_html/projects/sosturista/admin2/img menu_title_green.png
2009.06.30 02:11 B C:\Arquivos de programas\EasyPHP 2.0b1\www\sosturista\admin2\img\menu_title_on.png --> ftp.pauloenok.com.br /public_html/projects/sosturista/admin2/img menu_title_on.png
2009.06.30 02:11 B C:\Arquivos de programas\EasyPHP 2.0b1\www\sosturista\admin2\img\menu_title_on_green.png --> ftp.pauloenok.com.br /public_html/projects/sosturista/admin2/img menu_title_on_green.png
2009.06.30 02:11 B C:\Arquivos de programas\EasyPHP 2.0b1\www\sosturista\admin2\img\menuselect.gif --> ftp.pauloenok.com.br /public_html/projects/sosturista/admin2/img menuselect.gif
2009.06.30 02:11 B C:\Arquivos de programas\EasyPHP 2.0b1\www\sosturista\admin2\img\midle_dir_extjs.gif --> ftp.pauloenok.com.br /public_html/projects/sosturista/admin2/img midle_dir_extjs.gif
2009.06.30 02:11 B C:\Arquivos de programas\EasyPHP 2.0b1\www\sosturista\admin2\img\midle_dir_extjs_green.gif --> ftp.pauloenok.com.br /public_html/projects/sosturista/admin2/img midle_dir_extjs_green.gif
2009.06.30 02:11 B C:\Arquivos de programas\EasyPHP 2.0b1\www\sosturista\admin2\img\midle_esq_extjs.gif --> ftp.pauloenok.com.br /public_html/projects/sosturista/admin2/img midle_esq_extjs.gif
2009.06.30 02:11 B C:\Arquivos de programas\EasyPHP 2.0b1\www\sosturista\admin2\img\midle_esq_extjs_green.gif --> ftp.pauloenok.com.br /public_html/projects/sosturista/admin2/img midle_esq_extjs_green.gif
2009.06.30 02:11 B C:\Arquivos de programas\EasyPHP 2.0b1\www\sosturista\admin2\img\move_frames.gif --> ftp.pauloenok.com.br /public_html/projects/sosturista/admin2/img move_frames.gif
2009.06.30 02:11 B C:\Arquivos de programas\EasyPHP 2.0b1\www\sosturista\admin2\img\move_frames_direita.gif --> ftp.pauloenok.com.br /public_html/projects/sosturista/admin2/img move_frames_direita.gif
2009.06.30 02:11 B C:\Arquivos de programas\EasyPHP 2.0b1\www\sosturista\admin2\img\no.gif --> ftp.pauloenok.com.br /public_html/projects/sosturista/admin2/img no.gif
2009.06.30 02:11 B C:\Arquivos de programas\EasyPHP 2.0b1\www\sosturista\admin2\img\on_13x13_greyboxed.gif --> ftp.pauloenok.com.br /public_html/projects/sosturista/admin2/img on_13x13_greyboxed.gif
2009.06.30 02:11 B C:\Arquivos de programas\EasyPHP 2.0b1\www\sosturista\admin2\img\open.gif --> ftp.pauloenok.com.br /public_html/projects/sosturista/admin2/img open.gif
2009.06.30 02:11 B C:\Arquivos de programas\EasyPHP 2.0b1\www\sosturista\admin2\img\ordenar_baixo.gif --> ftp.pauloenok.com.br /public_html/projects/sosturista/admin2/img ordenar_baixo.gif
2009.06.30 02:11 B C:\Arquivos de programas\EasyPHP 2.0b1\www\sosturista\admin2\img\ordenar_baixo_tb.gif --> ftp.pauloenok.com.br /public_html/projects/sosturista/admin2/img ordenar_baixo_tb.gif
2009.06.30 02:11 B C:\Arquivos de programas\EasyPHP 2.0b1\www\sosturista\admin2\img\ordenar_cima_tb.gif --> ftp.pauloenok.com.br /public_html/projects/sosturista/admin2/img ordenar_cima_tb.gif
2009.06.30 02:11 B C:\Arquivos de programas\EasyPHP 2.0b1\www\sosturista\admin2\img\overlay.png --> ftp.pauloenok.com.br /public_html/projects/sosturista/admin2/img overlay.png
2009.06.30 02:11 B C:\Arquivos de programas\EasyPHP 2.0b1\www\sosturista\admin2\img\page.gif --> ftp.pauloenok.com.br /public_html/projects/sosturista/admin2/img page.gif
2009.06.30 02:11 B C:\Arquivos de programas\EasyPHP 2.0b1\www\sosturista\admin2\img\pano_de_fundo.gif --> ftp.pauloenok.com.br /public_html/projects/sosturista/admin2/img pano_de_fundo.gif
2009.06.30 02:11 B C:\Arquivos de programas\EasyPHP 2.0b1\www\sosturista\admin2\img\params.gif --> ftp.pauloenok.com.br /public_html/projects/sosturista/admin2/img params.gif
2009.06.30 02:11 B C:\Arquivos de programas\EasyPHP 2.0b1\www\sosturista\admin2\img\password.gif --> ftp.pauloenok.com.br /public_html/projects/sosturista/admin2/img password.gif
2009.06.30 02:11 B C:\Arquivos de programas\EasyPHP 2.0b1\www\sosturista\admin2\img\pm.gif --> ftp.pauloenok.com.br /public_html/projects/sosturista/admin2/img pm.gif
2009.06.30 02:11 B C:\Arquivos de programas\EasyPHP 2.0b1\www\sosturista\admin2\img\porca5.JPG --> ftp.pauloenok.com.br /public_html/projects/sosturista/admin2/img porca5.JPG
2009.06.30 02:11 B C:\Arquivos de programas\EasyPHP 2.0b1\www\sosturista\admin2\img\print.gif --> ftp.pauloenok.com.br /public_html/projects/sosturista/admin2/img print.gif
2009.06.30 02:11 B C:\Arquivos de programas\EasyPHP 2.0b1\www\sosturista\admin2\img\profile.gif --> ftp.pauloenok.com.br /public_html/projects/sosturista/admin2/img profile.gif
2009.06.30 02:11 B C:\Arquivos de programas\EasyPHP 2.0b1\www\sosturista\admin2\img\quote.gif --> ftp.pauloenok.com.br /public_html/projects/sosturista/admin2/img quote.gif
2009.06.30 02:11 B C:\Arquivos de programas\EasyPHP 2.0b1\www\sosturista\admin2\img\recycle.gif --> ftp.pauloenok.com.br /public_html/projects/sosturista/admin2/img recycle.gif
2009.06.30 02:11 B C:\Arquivos de programas\EasyPHP 2.0b1\www\sosturista\admin2\img\red_dot.gif --> ftp.pauloenok.com.br /public_html/projects/sosturista/admin2/img red_dot.gif
2009.06.30 02:11 B C:\Arquivos de programas\EasyPHP 2.0b1\www\sosturista\admin2\img\red_folder.gif --> ftp.pauloenok.com.br /public_html/projects/sosturista/admin2/img red_folder.gif
2009.06.30 02:11 B C:\Arquivos de programas\EasyPHP 2.0b1\www\sosturista\admin2\img\restore_f2.png --> ftp.pauloenok.com.br /public_html/projects/sosturista/admin2/img restore_f2.png
2009.06.30 02:11 B C:\Arquivos de programas\EasyPHP 2.0b1\www\sosturista\admin2\img\savenew.gif --> ftp.pauloenok.com.br /public_html/projects/sosturista/admin2/img savenew.gif
2009.06.30 02:11 B C:\Arquivos de programas\EasyPHP 2.0b1\www\sosturista\admin2\img\select.gif --> ftp.pauloenok.com.br /public_html/projects/sosturista/admin2/img select.gif
2009.06.30 02:11 B C:\Arquivos de programas\EasyPHP 2.0b1\www\sosturista\admin2\img\semaforo.gif --> ftp.pauloenok.com.br /public_html/projects/sosturista/admin2/img semaforo.gif
2009.06.30 02:11 B C:\Arquivos de programas\EasyPHP 2.0b1\www\sosturista\admin2\img\seta_baixo.gif --> ftp.pauloenok.com.br /public_html/projects/sosturista/admin2/img seta_baixo.gif
2009.06.30 02:11 B C:\Arquivos de programas\EasyPHP 2.0b1\www\sosturista\admin2\img\seta_cima.gif --> ftp.pauloenok.com.br /public_html/projects/sosturista/admin2/img seta_cima.gif
2009.06.30 02:11 B C:\Arquivos de programas\EasyPHP 2.0b1\www\sosturista\admin2\img\seta_titulo_baixo.gif --> ftp.pauloenok.com.br /public_html/projects/sosturista/admin2/img seta_titulo_baixo.gif
2009.06.30 02:11 B C:\Arquivos de programas\EasyPHP 2.0b1\www\sosturista\admin2\img\seta_titulo_cima.gif --> ftp.pauloenok.com.br /public_html/projects/sosturista/admin2/img seta_titulo_cima.gif
2009.06.30 02:11 B C:\Arquivos de programas\EasyPHP 2.0b1\www\sosturista\admin2\img\sinal_amarelo.gif --> ftp.pauloenok.com.br /public_html/projects/sosturista/admin2/img sinal_amarelo.gif
2009.06.30 02:11 B C:\Arquivos de programas\EasyPHP 2.0b1\www\sosturista\admin2\img\sinal_azul.gif --> ftp.pauloenok.com.br /public_html/projects/sosturista/admin2/img sinal_azul.gif
2009.06.30 02:11 B C:\Arquivos de programas\EasyPHP 2.0b1\www\sosturista\admin2\img\sinal_vazio.gif --> ftp.pauloenok.com.br /public_html/projects/sosturista/admin2/img sinal_vazio.gif
2009.06.30 02:11 B C:\Arquivos de programas\EasyPHP 2.0b1\www\sosturista\admin2\img\sinal_verde.gif --> ftp.pauloenok.com.br /public_html/projects/sosturista/admin2/img sinal_verde.gif
2009.06.30 02:11 B C:\Arquivos de programas\EasyPHP 2.0b1\www\sosturista\admin2\img\sinal_vermelho.gif --> ftp.pauloenok.com.br /public_html/projects/sosturista/admin2/img sinal_vermelho.gif
2009.06.30 02:11 B C:\Arquivos de programas\EasyPHP 2.0b1\www\sosturista\admin2\img\spacer.gif --> ftp.pauloenok.com.br /public_html/projects/sosturista/admin2/img spacer.gif
2009.06.30 02:11 B C:\Arquivos de programas\EasyPHP 2.0b1\www\sosturista\admin2\img\star.gif --> ftp.pauloenok.com.br /public_html/projects/sosturista/admin2/img star.gif
2009.06.30 02:11 B C:\Arquivos de programas\EasyPHP 2.0b1\www\sosturista\admin2\img\status_del.gif --> ftp.pauloenok.com.br /public_html/projects/sosturista/admin2/img status_del.gif
2009.06.30 02:11 B C:\Arquivos de programas\EasyPHP 2.0b1\www\sosturista\admin2\img\status_del1.gif --> ftp.pauloenok.com.br /public_html/projects/sosturista/admin2/img status_del1.gif
2009.06.30 02:11 B C:\Arquivos de programas\EasyPHP 2.0b1\www\sosturista\admin2\img\stop.gif --> ftp.pauloenok.com.br /public_html/projects/sosturista/admin2/img stop.gif
2009.06.30 02:11 B C:\Arquivos de programas\EasyPHP 2.0b1\www\sosturista\admin2\img\submenu.png --> ftp.pauloenok.com.br /public_html/projects/sosturista/admin2/img submenu.png
2009.06.30 02:11 B C:\Arquivos de programas\EasyPHP 2.0b1\www\sosturista\admin2\img\submenu_dir.png --> ftp.pauloenok.com.br /public_html/projects/sosturista/admin2/img submenu_dir.png
2009.06.30 02:11 B C:\Arquivos de programas\EasyPHP 2.0b1\www\sosturista\admin2\img\submenu_dir_green.png --> ftp.pauloenok.com.br /public_html/projects/sosturista/admin2/img submenu_dir_green.png
2009.06.30 02:11 B C:\Arquivos de programas\EasyPHP 2.0b1\www\sosturista\admin2\img\submenu_esq.png --> ftp.pauloenok.com.br /public_html/projects/sosturista/admin2/img submenu_esq.png
2009.06.30 02:11 B C:\Arquivos de programas\EasyPHP 2.0b1\www\sosturista\admin2\img\submenu_esq_green.png --> ftp.pauloenok.com.br /public_html/projects/sosturista/admin2/img submenu_esq_green.png
2009.06.30 02:11 B C:\Arquivos de programas\EasyPHP 2.0b1\www\sosturista\admin2\img\submenu_green.png --> ftp.pauloenok.com.br /public_html/projects/sosturista/admin2/img submenu_green.png
2009.06.30 02:11 B C:\Arquivos de programas\EasyPHP 2.0b1\www\sosturista\admin2\img\submenu_on.png --> ftp.pauloenok.com.br /public_html/projects/sosturista/admin2/img submenu_on.png
2009.06.30 02:11 B C:\Arquivos de programas\EasyPHP 2.0b1\www\sosturista\admin2\img\submenu_on_green.png --> ftp.pauloenok.com.br /public_html/projects/sosturista/admin2/img submenu_on_green.png
2009.06.30 02:11 B C:\Arquivos de programas\EasyPHP 2.0b1\www\sosturista\admin2\img\tableft.gif --> ftp.pauloenok.com.br /public_html/projects/sosturista/admin2/img tableft.gif
2009.06.30 02:11 B C:\Arquivos de programas\EasyPHP 2.0b1\www\sosturista\admin2\img\tabright.gif --> ftp.pauloenok.com.br /public_html/projects/sosturista/admin2/img tabright.gif
2009.06.30 02:11 B C:\Arquivos de programas\EasyPHP 2.0b1\www\sosturista\admin2\img\tb-bg.gif --> ftp.pauloenok.com.br /public_html/projects/sosturista/admin2/img tb-bg.gif
2009.06.30 02:11 B C:\Arquivos de programas\EasyPHP 2.0b1\www\sosturista\admin2\img\tela_inicial.swf --> ftp.pauloenok.com.br /public_html/projects/sosturista/admin2/img tela_inicial.swf
2009.06.30 02:11 B C:\Arquivos de programas\EasyPHP 2.0b1\www\sosturista\admin2\img\text-bg.gif --> ftp.pauloenok.com.br /public_html/projects/sosturista/admin2/img text-bg.gif
2009.06.30 02:11 B C:\Arquivos de programas\EasyPHP 2.0b1\www\sosturista\admin2\img\Thumbs.db --> ftp.pauloenok.com.br /public_html/projects/sosturista/admin2/img Thumbs.db
2009.06.30 02:11 B C:\Arquivos de programas\EasyPHP 2.0b1\www\sosturista\admin2\img\top_completo.gif --> ftp.pauloenok.com.br /public_html/projects/sosturista/admin2/img top_completo.gif
2009.06.30 02:11 B C:\Arquivos de programas\EasyPHP 2.0b1\www\sosturista\admin2\img\top_completo_760_blue.gif --> ftp.pauloenok.com.br /public_html/projects/sosturista/admin2/img top_completo_760_blue.gif
2009.06.30 02:11 B C:\Arquivos de programas\EasyPHP 2.0b1\www\sosturista\admin2\img\top_completo_red.gif --> ftp.pauloenok.com.br /public_html/projects/sosturista/admin2/img top_completo_red.gif
2009.06.30 02:11 B C:\Arquivos de programas\EasyPHP 2.0b1\www\sosturista\admin2\img\topo_dir_extjs.gif --> ftp.pauloenok.com.br /public_html/projects/sosturista/admin2/img topo_dir_extjs.gif
2009.06.30 02:11 B C:\Arquivos de programas\EasyPHP 2.0b1\www\sosturista\admin2\img\topo_dir_extjs_green.gif --> ftp.pauloenok.com.br /public_html/projects/sosturista/admin2/img topo_dir_extjs_green.gif
2009.06.30 02:11 B C:\Arquivos de programas\EasyPHP 2.0b1\www\sosturista\admin2\img\topo_esq_extjs.gif --> ftp.pauloenok.com.br /public_html/projects/sosturista/admin2/img topo_esq_extjs.gif
2009.06.30 02:11 B C:\Arquivos de programas\EasyPHP 2.0b1\www\sosturista\admin2\img\topo_esq_extjs_green.gif --> ftp.pauloenok.com.br /public_html/projects/sosturista/admin2/img topo_esq_extjs_green.gif
2009.06.30 02:11 B C:\Arquivos de programas\EasyPHP 2.0b1\www\sosturista\admin2\img\topo_extjs.gif --> ftp.pauloenok.com.br /public_html/projects/sosturista/admin2/img topo_extjs.gif
2009.06.30 02:11 B C:\Arquivos de programas\EasyPHP 2.0b1\www\sosturista\admin2\img\topo_extjs_green.gif --> ftp.pauloenok.com.br /public_html/projects/sosturista/admin2/img topo_extjs_green.gif
2009.06.30 02:11 B C:\Arquivos de programas\EasyPHP 2.0b1\www\sosturista\admin2\img\transparentpixel.gif --> ftp.pauloenok.com.br /public_html/projects/sosturista/admin2/img transparentpixel.gif
2009.06.30 02:11 B C:\Arquivos de programas\EasyPHP 2.0b1\www\sosturista\admin2\img\trash.gif --> ftp.pauloenok.com.br /public_html/projects/sosturista/admin2/img trash.gif
2009.06.30 02:11 B C:\Arquivos de programas\EasyPHP 2.0b1\www\sosturista\admin2\img\tu.gif --> ftp.pauloenok.com.br /public_html/projects/sosturista/admin2/img tu.gif
2009.06.30 02:11 B C:\Arquivos de programas\EasyPHP 2.0b1\www\sosturista\admin2\img\undo.gif --> ftp.pauloenok.com.br /public_html/projects/sosturista/admin2/img undo.gif
2009.06.30 02:11 B C:\Arquivos de programas\EasyPHP 2.0b1\www\sosturista\admin2\img\unlock_topic.gif --> ftp.pauloenok.com.br /public_html/projects/sosturista/admin2/img unlock_topic.gif
2009.06.30 02:11 B C:\Arquivos de programas\EasyPHP 2.0b1\www\sosturista\admin2\img\ur-admin.gif --> ftp.pauloenok.com.br /public_html/projects/sosturista/admin2/img ur-admin.gif
2009.06.30 02:11 B C:\Arquivos de programas\EasyPHP 2.0b1\www\sosturista\admin2\img\ur-anony.gif --> ftp.pauloenok.com.br /public_html/projects/sosturista/admin2/img ur-anony.gif
2009.06.30 02:11 B C:\Arquivos de programas\EasyPHP 2.0b1\www\sosturista\admin2\img\ur-author.gif --> ftp.pauloenok.com.br /public_html/projects/sosturista/admin2/img ur-author.gif
2009.06.30 02:11 B C:\Arquivos de programas\EasyPHP 2.0b1\www\sosturista\admin2\img\ur-guest.gif --> ftp.pauloenok.com.br /public_html/projects/sosturista/admin2/img ur-guest.gif
2009.06.30 02:11 B C:\Arquivos de programas\EasyPHP 2.0b1\www\sosturista\admin2\img\ur-member.gif --> ftp.pauloenok.com.br /public_html/projects/sosturista/admin2/img ur-member.gif
2009.06.30 02:11 B C:\Arquivos de programas\EasyPHP 2.0b1\www\sosturista\admin2\img\ur-moderator.gif --> ftp.pauloenok.com.br /public_html/projects/sosturista/admin2/img ur-moderator.gif
2009.06.30 02:11 B C:\Arquivos de programas\EasyPHP 2.0b1\www\sosturista\admin2\img\ur-registered.gif --> ftp.pauloenok.com.br /public_html/projects/sosturista/admin2/img ur-registered.gif
2009.06.30 02:11 B C:\Arquivos de programas\EasyPHP 2.0b1\www\sosturista\admin2\img\ur-super.gif --> ftp.pauloenok.com.br /public_html/projects/sosturista/admin2/img ur-super.gif
2009.06.30 02:11 B C:\Arquivos de programas\EasyPHP 2.0b1\www\sosturista\admin2\img\valor.gif --> ftp.pauloenok.com.br /public_html/projects/sosturista/admin2/img valor.gif
2009.06.30 02:11 B C:\Arquivos de programas\EasyPHP 2.0b1\www\sosturista\admin2\img\valor2.gif --> ftp.pauloenok.com.br /public_html/projects/sosturista/admin2/img valor2.gif
2009.06.30 02:11 B C:\Arquivos de programas\EasyPHP 2.0b1\www\sosturista\admin2\img\writenew.gif --> ftp.pauloenok.com.br /public_html/projects/sosturista/admin2/img writenew.gif
2009.06.30 02:11 B C:\Arquivos de programas\EasyPHP 2.0b1\www\sosturista\admin2\img\WS_FTP.LOG --> ftp.pauloenok.com.br /public_html/projects/sosturista/admin2/img WS_FTP.LOG
2009.06.30 02:11 B C:\Arquivos de programas\EasyPHP 2.0b1\www\sosturista\admin2\img\xpicon1.gif --> ftp.pauloenok.com.br /public_html/projects/sosturista/admin2/img xpicon1.gif
2009.06.30 02:11 B C:\Arquivos de programas\EasyPHP 2.0b1\www\sosturista\admin2\img\yes.gif --> ftp.pauloenok.com.br /public_html/projects/sosturista/admin2/img yes.gif
2009.06.30 02:11 B C:\Arquivos de programas\EasyPHP 2.0b1\www\sosturista\admin2\img\yes2.gif --> ftp.pauloenok.com.br /public_html/projects/sosturista/admin2/img yes2.gif
2010.10.15 10:31 B D:\paulo\pessoal\sosturista\adm\img\WS_FTP.LOG <-- locaweb /public_html/projects/sosturista/adm/img WS_FTP.LOG
2010.10.15 10:31 B D:\paulo\pessoal\sosturista\adm\img\xpicon1.gif <-- locaweb /public_html/projects/sosturista/adm/img xpicon1.gif
2010.10.15 10:31 B D:\paulo\pessoal\sosturista\adm\img\yes.gif <-- locaweb /public_html/projects/sosturista/adm/img yes.gif
2010.10.15 10:31 B D:\paulo\pessoal\sosturista\adm\img\yes2.gif <-- locaweb /public_html/projects/sosturista/adm/img yes2.gif
